2018-03-22T15:44:25+00:00 CRITICAL Maximum execution time of 120 seconds exceeded

2018-03-22T15:44:31+00:00 CRITICAL Maximum execution time of 120 seconds exceeded

2018-03-22T18:06:31+00:00 CRITICAL Maximum execution time of 120 seconds exceeded

2018-03-23T08:26:25+00:00 CRITICAL Maximum execution time of 120 seconds exceeded

2018-03-23T08:32:43+00:00 CRITICAL Maximum execution time of 120 seconds exceeded

2018-03-23T08:32:54+00:00 CRITICAL Maximum execution time of 120 seconds exceeded

2018-03-23T10:56:08+00:00 CRITICAL Maximum execution time of 120 seconds exceeded

2018-03-23T11:07:53+00:00 CRITICAL Maximum execution time of 120 seconds exceeded

2018-03-23T11:21:19+00:00 CRITICAL Maximum execution time of 120 seconds exceeded

2018-03-23T11:21:20+00:00 CRITICAL Maximum execution time of 120 seconds exceeded

2018-03-23T11:21:20+00:00 CRITICAL Maximum execution time of 120 seconds exceeded

2018-03-23T13:58:54+00:00 CRITICAL Uncaught Error: Call to undefined function storefront_header_styles() in C:\xampp\htdocs\wordpress\wp-content\themes\supermax\header.php:28
Stack trace:
#0 C:\xampp\htdocs\wordpress\wp-includes\template.php(688): require_once()
#1 C:\xampp\htdocs\wordpress\wp-includes\template.php(647): load_template('C:\\xampp\\htdocs...', true)
#2 C:\xampp\htdocs\wordpress\wp-includes\general-template.php(41): locate_template(Array, true)
#3 C:\xampp\htdocs\wordpress\wp-content\plugins\woocommerce\templates\archive-product.php(23): get_header('shop')
#4 C:\xampp\htdocs\wordpress\wp-content\plugins\woocommerce\includes\wc-core-functions.php(211): include('C:\\xampp\\htdocs...')
#5 C:\xampp\htdocs\wordpress\wp-content\plugins\woocommerce\templates\taxonomy-product_cat.php(22): wc_get_template('archive-product...')
#6 C:\xampp\htdocs\wordpress\wp-includes\template-loader.php(74): include('C:\\xampp\\htdocs...')
#7 C:\xampp\htdocs\wordpress\wp-blog-header.php(19): require_once('C:\\xampp\\htdocs...')
#8 C:\xampp\htdocs\wordpres

2018-03-23T13:59:03+00:00 CRITICAL Uncaught Error: Call to undefined function storefront_header_styles() in C:\xampp\htdocs\wordpress\wp-content\themes\supermax\header.php:28
Stack trace:
#0 C:\xampp\htdocs\wordpress\wp-includes\template.php(688): require_once()
#1 C:\xampp\htdocs\wordpress\wp-includes\template.php(647): load_template('C:\\xampp\\htdocs...', true)
#2 C:\xampp\htdocs\wordpress\wp-includes\general-template.php(41): locate_template(Array, true)
#3 C:\xampp\htdocs\wordpress\wp-content\themes\shop-isle\home.php(10): get_header()
#4 C:\xampp\htdocs\wordpress\wp-includes\template-loader.php(74): include('C:\\xampp\\htdocs...')
#5 C:\xampp\htdocs\wordpress\wp-blog-header.php(19): require_once('C:\\xampp\\htdocs...')
#6 C:\xampp\htdocs\wordpress\index.php(17): require('C:\\xampp\\htdocs...')
#7 {main}
  thrown

2018-03-23T13:59:16+00:00 CRITICAL Uncaught Error: Call to undefined function storefront_header_styles() in C:\xampp\htdocs\wordpress\wp-content\themes\supermax\header.php:28
Stack trace:
#0 C:\xampp\htdocs\wordpress\wp-includes\template.php(688): require_once()
#1 C:\xampp\htdocs\wordpress\wp-includes\template.php(647): load_template('C:\\xampp\\htdocs...', true)
#2 C:\xampp\htdocs\wordpress\wp-includes\general-template.php(41): locate_template(Array, true)
#3 C:\xampp\htdocs\wordpress\wp-content\themes\shop-isle\home.php(10): get_header()
#4 C:\xampp\htdocs\wordpress\wp-includes\template-loader.php(74): include('C:\\xampp\\htdocs...')
#5 C:\xampp\htdocs\wordpress\wp-blog-header.php(19): require_once('C:\\xampp\\htdocs...')
#6 C:\xampp\htdocs\wordpress\index.php(17): require('C:\\xampp\\htdocs...')
#7 {main}
  thrown

2018-03-23T13:59:29+00:00 CRITICAL Uncaught Error: Call to undefined function storefront_header_styles() in C:\xampp\htdocs\wordpress\wp-content\themes\supermax\header.php:28
Stack trace:
#0 C:\xampp\htdocs\wordpress\wp-includes\template.php(688): require_once()
#1 C:\xampp\htdocs\wordpress\wp-includes\template.php(647): load_template('C:\\xampp\\htdocs...', true)
#2 C:\xampp\htdocs\wordpress\wp-includes\general-template.php(41): locate_template(Array, true)
#3 C:\xampp\htdocs\wordpress\wp-content\themes\shop-isle\home.php(10): get_header()
#4 C:\xampp\htdocs\wordpress\wp-includes\template-loader.php(74): include('C:\\xampp\\htdocs...')
#5 C:\xampp\htdocs\wordpress\wp-blog-header.php(19): require_once('C:\\xampp\\htdocs...')
#6 C:\xampp\htdocs\wordpress\index.php(17): require('C:\\xampp\\htdocs...')
#7 {main}
  thrown

2018-03-23T14:00:20+00:00 CRITICAL Uncaught Error: Call to undefined function storefront_header_styles() in C:\xampp\htdocs\wordpress\wp-content\themes\supermax\header.php:28
Stack trace:
#0 C:\xampp\htdocs\wordpress\wp-includes\template.php(688): require_once()
#1 C:\xampp\htdocs\wordpress\wp-includes\template.php(647): load_template('C:\\xampp\\htdocs...', true)
#2 C:\xampp\htdocs\wordpress\wp-includes\general-template.php(41): locate_template(Array, true)
#3 C:\xampp\htdocs\wordpress\wp-content\themes\shop-isle\home.php(10): get_header()
#4 C:\xampp\htdocs\wordpress\wp-includes\template-loader.php(74): include('C:\\xampp\\htdocs...')
#5 C:\xampp\htdocs\wordpress\wp-blog-header.php(19): require_once('C:\\xampp\\htdocs...')
#6 C:\xampp\htdocs\wordpress\index.php(17): require('C:\\xampp\\htdocs...')
#7 {main}
  thrown

2018-03-23T14:00:34+00:00 CRITICAL Uncaught Error: Call to undefined function storefront_header_styles() in C:\xampp\htdocs\wordpress\wp-content\themes\supermax\header.php:28
Stack trace:
#0 C:\xampp\htdocs\wordpress\wp-includes\template.php(688): require_once()
#1 C:\xampp\htdocs\wordpress\wp-includes\template.php(647): load_template('C:\\xampp\\htdocs...', true)
#2 C:\xampp\htdocs\wordpress\wp-includes\general-template.php(41): locate_template(Array, true)
#3 C:\xampp\htdocs\wordpress\wp-content\themes\shop-isle\home.php(10): get_header()
#4 C:\xampp\htdocs\wordpress\wp-includes\template-loader.php(74): include('C:\\xampp\\htdocs...')
#5 C:\xampp\htdocs\wordpress\wp-blog-header.php(19): require_once('C:\\xampp\\htdocs...')
#6 C:\xampp\htdocs\wordpress\index.php(17): require('C:\\xampp\\htdocs...')
#7 {main}
  thrown

2018-03-23T14:54:11+00:00 CRITICAL Uncaught Error: Call to undefined function storefront_get_content_background_color() in C:\xampp\htdocs\wordpress\wp-content\plugins\storefront-sticky-add-to-cart\storefront-sticky-add-to-cart.php:215
Stack trace:
#0 C:\xampp\htdocs\wordpress\wp-includes\class-wp-hook.php(286): Storefront_Sticky_Add_to_Cart->ssatc_script('')
#1 C:\xampp\htdocs\wordpress\wp-includes\class-wp-hook.php(310): WP_Hook->apply_filters(NULL, Array)
#2 C:\xampp\htdocs\wordpress\wp-includes\plugin.php(453): WP_Hook->do_action(Array)
#3 C:\xampp\htdocs\wordpress\wp-includes\script-loader.php(1435): do_action('wp_enqueue_scri...')
#4 C:\xampp\htdocs\wordpress\wp-includes\class-wp-hook.php(286): wp_enqueue_scripts('')
#5 C:\xampp\htdocs\wordpress\wp-includes\class-wp-hook.php(310): WP_Hook->apply_filters(NULL, Array)
#6 C:\xampp\htdocs\wordpress\wp-includes\plugin.php(453): WP_Hook->do_action(Array)
#7 C:\xampp\htdocs\wordpress\wp-includes\general-template.php(2614): do_action('wp_head')
#8 C:\xampp\htdocs\wordpress\wp-content\themes\shop

2018-03-23T14:54:22+00:00 CRITICAL Uncaught Error: Call to undefined function storefront_get_content_background_color() in C:\xampp\htdocs\wordpress\wp-content\plugins\storefront-sticky-add-to-cart\storefront-sticky-add-to-cart.php:215
Stack trace:
#0 C:\xampp\htdocs\wordpress\wp-includes\class-wp-hook.php(286): Storefront_Sticky_Add_to_Cart->ssatc_script('')
#1 C:\xampp\htdocs\wordpress\wp-includes\class-wp-hook.php(310): WP_Hook->apply_filters(NULL, Array)
#2 C:\xampp\htdocs\wordpress\wp-includes\plugin.php(453): WP_Hook->do_action(Array)
#3 C:\xampp\htdocs\wordpress\wp-includes\script-loader.php(1435): do_action('wp_enqueue_scri...')
#4 C:\xampp\htdocs\wordpress\wp-includes\class-wp-hook.php(286): wp_enqueue_scripts('')
#5 C:\xampp\htdocs\wordpress\wp-includes\class-wp-hook.php(310): WP_Hook->apply_filters(NULL, Array)
#6 C:\xampp\htdocs\wordpress\wp-includes\plugin.php(453): WP_Hook->do_action(Array)
#7 C:\xampp\htdocs\wordpress\wp-includes\general-template.php(2614): do_action('wp_head')
#8 C:\xampp\htdocs\wordpress\wp-content\themes\shop

2018-03-23T14:54:30+00:00 CRITICAL Uncaught Error: Call to undefined function storefront_get_content_background_color() in C:\xampp\htdocs\wordpress\wp-content\plugins\storefront-sticky-add-to-cart\storefront-sticky-add-to-cart.php:215
Stack trace:
#0 C:\xampp\htdocs\wordpress\wp-includes\class-wp-hook.php(286): Storefront_Sticky_Add_to_Cart->ssatc_script('')
#1 C:\xampp\htdocs\wordpress\wp-includes\class-wp-hook.php(310): WP_Hook->apply_filters(NULL, Array)
#2 C:\xampp\htdocs\wordpress\wp-includes\plugin.php(453): WP_Hook->do_action(Array)
#3 C:\xampp\htdocs\wordpress\wp-includes\script-loader.php(1435): do_action('wp_enqueue_scri...')
#4 C:\xampp\htdocs\wordpress\wp-includes\class-wp-hook.php(286): wp_enqueue_scripts('')
#5 C:\xampp\htdocs\wordpress\wp-includes\class-wp-hook.php(310): WP_Hook->apply_filters(NULL, Array)
#6 C:\xampp\htdocs\wordpress\wp-includes\plugin.php(453): WP_Hook->do_action(Array)
#7 C:\xampp\htdocs\wordpress\wp-includes\general-template.php(2614): do_action('wp_head')
#8 C:\xampp\htdocs\wordpress\wp-content\themes\shop

2018-03-23T14:54:56+00:00 CRITICAL Uncaught Error: Call to undefined function storefront_get_content_background_color() in C:\xampp\htdocs\wordpress\wp-content\plugins\storefront-sticky-add-to-cart\storefront-sticky-add-to-cart.php:215
Stack trace:
#0 C:\xampp\htdocs\wordpress\wp-includes\class-wp-hook.php(286): Storefront_Sticky_Add_to_Cart->ssatc_script('')
#1 C:\xampp\htdocs\wordpress\wp-includes\class-wp-hook.php(310): WP_Hook->apply_filters(NULL, Array)
#2 C:\xampp\htdocs\wordpress\wp-includes\plugin.php(453): WP_Hook->do_action(Array)
#3 C:\xampp\htdocs\wordpress\wp-includes\script-loader.php(1435): do_action('wp_enqueue_scri...')
#4 C:\xampp\htdocs\wordpress\wp-includes\class-wp-hook.php(286): wp_enqueue_scripts('')
#5 C:\xampp\htdocs\wordpress\wp-includes\class-wp-hook.php(310): WP_Hook->apply_filters(NULL, Array)
#6 C:\xampp\htdocs\wordpress\wp-includes\plugin.php(453): WP_Hook->do_action(Array)
#7 C:\xampp\htdocs\wordpress\wp-includes\general-template.php(2614): do_action('wp_head')
#8 C:\xampp\htdocs\wordpress\wp-content\themes\shop

2018-03-23T14:55:42+00:00 CRITICAL Uncaught Error: Call to undefined function storefront_get_content_background_color() in C:\xampp\htdocs\wordpress\wp-content\plugins\storefront-sticky-add-to-cart\storefront-sticky-add-to-cart.php:215
Stack trace:
#0 C:\xampp\htdocs\wordpress\wp-includes\class-wp-hook.php(286): Storefront_Sticky_Add_to_Cart->ssatc_script('')
#1 C:\xampp\htdocs\wordpress\wp-includes\class-wp-hook.php(310): WP_Hook->apply_filters(NULL, Array)
#2 C:\xampp\htdocs\wordpress\wp-includes\plugin.php(453): WP_Hook->do_action(Array)
#3 C:\xampp\htdocs\wordpress\wp-includes\script-loader.php(1435): do_action('wp_enqueue_scri...')
#4 C:\xampp\htdocs\wordpress\wp-includes\class-wp-hook.php(286): wp_enqueue_scripts('')
#5 C:\xampp\htdocs\wordpress\wp-includes\class-wp-hook.php(310): WP_Hook->apply_filters(NULL, Array)
#6 C:\xampp\htdocs\wordpress\wp-includes\plugin.php(453): WP_Hook->do_action(Array)
#7 C:\xampp\htdocs\wordpress\wp-includes\general-template.php(2614): do_action('wp_head')
#8 C:\xampp\htdocs\wordpress\wp-content\themes\shop

2018-03-25T07:01:44+00:00 CRITICAL Uncaught Error: Call to a member function authenticate() on null in C:\xampp\htdocs\wordpress\wp-content\plugins\yith-woocommerce-social-login\includes\class-yith-social-login.php:163
Stack trace:
#0 C:\xampp\htdocs\wordpress\wp-includes\class-wp-hook.php(286): YITH_WC_Social_Login->get_login_request('')
#1 C:\xampp\htdocs\wordpress\wp-includes\class-wp-hook.php(310): WP_Hook->apply_filters(NULL, Array)
#2 C:\xampp\htdocs\wordpress\wp-includes\plugin.php(453): WP_Hook->do_action(Array)
#3 C:\xampp\htdocs\wordpress\wp-settings.php(450): do_action('init')
#4 C:\xampp\htdocs\wordpress\wp-config.php(89): require_once('C:\\xampp\\htdocs...')
#5 C:\xampp\htdocs\wordpress\wp-load.php(37): require_once('C:\\xampp\\htdocs...')
#6 C:\xampp\htdocs\wordpress\wp-login.php(12): require('C:\\xampp\\htdocs...')
#7 {main}
  thrown

2018-03-25T19:50:27+00:00 CRITICAL Uncaught Error: Call to a member function authenticate() on null in C:\xampp\htdocs\wordpress\wp-content\plugins\yith-woocommerce-social-login\includes\class-yith-social-login.php:163
Stack trace:
#0 C:\xampp\htdocs\wordpress\wp-includes\class-wp-hook.php(286): YITH_WC_Social_Login->get_login_request('')
#1 C:\xampp\htdocs\wordpress\wp-includes\class-wp-hook.php(310): WP_Hook->apply_filters(NULL, Array)
#2 C:\xampp\htdocs\wordpress\wp-includes\plugin.php(453): WP_Hook->do_action(Array)
#3 C:\xampp\htdocs\wordpress\wp-settings.php(450): do_action('init')
#4 C:\xampp\htdocs\wordpress\wp-config.php(89): require_once('C:\\xampp\\htdocs...')
#5 C:\xampp\htdocs\wordpress\wp-load.php(37): require_once('C:\\xampp\\htdocs...')
#6 C:\xampp\htdocs\wordpress\wp-login.php(12): require('C:\\xampp\\htdocs...')
#7 {main}
  thrown

2018-03-25T21:24:13+00:00 CRITICAL Uncaught Error: Call to a member function authenticate() on null in C:\xampp\htdocs\wordpress\wp-content\plugins\yith-woocommerce-social-login\includes\class-yith-social-login.php:163
Stack trace:
#0 C:\xampp\htdocs\wordpress\wp-includes\class-wp-hook.php(286): YITH_WC_Social_Login->get_login_request('')
#1 C:\xampp\htdocs\wordpress\wp-includes\class-wp-hook.php(310): WP_Hook->apply_filters(NULL, Array)
#2 C:\xampp\htdocs\wordpress\wp-includes\plugin.php(453): WP_Hook->do_action(Array)
#3 C:\xampp\htdocs\wordpress\wp-settings.php(450): do_action('init')
#4 C:\xampp\htdocs\wordpress\wp-config.php(89): require_once('C:\\xampp\\htdocs...')
#5 C:\xampp\htdocs\wordpress\wp-load.php(37): require_once('C:\\xampp\\htdocs...')
#6 C:\xampp\htdocs\wordpress\wp-login.php(12): require('C:\\xampp\\htdocs...')
#7 {main}
  thrown

2018-03-25T21:25:25+00:00 CRITICAL Uncaught Error: Call to a member function authenticate() on null in C:\xampp\htdocs\wordpress\wp-content\plugins\yith-woocommerce-social-login\includes\class-yith-social-login.php:163
Stack trace:
#0 C:\xampp\htdocs\wordpress\wp-includes\class-wp-hook.php(286): YITH_WC_Social_Login->get_login_request('')
#1 C:\xampp\htdocs\wordpress\wp-includes\class-wp-hook.php(310): WP_Hook->apply_filters(NULL, Array)
#2 C:\xampp\htdocs\wordpress\wp-includes\plugin.php(453): WP_Hook->do_action(Array)
#3 C:\xampp\htdocs\wordpress\wp-settings.php(450): do_action('init')
#4 C:\xampp\htdocs\wordpress\wp-config.php(89): require_once('C:\\xampp\\htdocs...')
#5 C:\xampp\htdocs\wordpress\wp-load.php(37): require_once('C:\\xampp\\htdocs...')
#6 C:\xampp\htdocs\wordpress\wp-login.php(12): require('C:\\xampp\\htdocs...')
#7 {main}
  thrown

2018-03-27T12:56:19+00:00 CRITICAL Maximum execution time of 120 seconds exceeded

2018-03-27T12:56:30+00:00 CRITICAL Maximum execution time of 120 seconds exceeded

2018-03-27T18:31:34+00:00 CRITICAL Uncaught Error: Call to a member function get_average_rating() on null in C:\xampp\htdocs\wordpress\wp-content\themes\supermax\functions.php:37
Stack trace:
#0 C:\xampp\htdocs\wordpress\wp-includes\class-wp-hook.php(286): add_star_rating('')
#1 C:\xampp\htdocs\wordpress\wp-includes\class-wp-hook.php(310): WP_Hook->apply_filters(NULL, Array)
#2 C:\xampp\htdocs\wordpress\wp-includes\plugin.php(453): WP_Hook->do_action(Array)
#3 C:\xampp\htdocs\wordpress\wp-content\plugins\woocommerce\templates\content-product.php(68): do_action('woocommerce_aft...')
#4 C:\xampp\htdocs\wordpress\wp-includes\template.php(690): require('C:\\xampp\\htdocs...')
#5 C:\xampp\htdocs\wordpress\wp-content\plugins\woocommerce\includes\wc-core-functions.php(180): load_template('C:\\xampp\\htdocs...', false)
#6 C:\xampp\htdocs\wordpress\wp-content\plugins\woocommerce\includes\shortcodes\class-wc-shortcode-products.php(586): wc_get_template_part('content', 'product')
#7 C:\xampp\htdocs\wordpress\wp-content\plugins\woocommerce\includes\shortc

2018-03-28T08:50:43+00:00 CRITICAL Uncaught Error: Call to undefined function getTimestamp() in C:\xampp\htdocs\wordpress\wp-content\themes\supermax\functions.php:63
Stack trace:
#0 C:\xampp\htdocs\wordpress\wp-includes\class-wp-hook.php(286): ofertas_semanales('<del><span clas...', Object(WC_Product_Simple))
#1 C:\xampp\htdocs\wordpress\wp-includes\plugin.php(203): WP_Hook->apply_filters('<del><span clas...', Array)
#2 C:\xampp\htdocs\wordpress\wp-content\plugins\woocommerce\includes\abstracts\abstract-wc-product.php(1718): apply_filters('woocommerce_get...', '<del><span clas...', Object(WC_Product_Simple))
#3 C:\xampp\htdocs\wordpress\wp-content\plugins\woocommerce\templates\loop\price.php(26): WC_Product->get_price_html()
#4 C:\xampp\htdocs\wordpress\wp-content\plugins\woocommerce\includes\wc-core-functions.php(211): include('C:\\xampp\\htdocs...')
#5 C:\xampp\htdocs\wordpress\wp-content\plugins\woocommerce\includes\wc-template-functions.php(900): wc_get_template('loop/price.php')
#6 C:\xampp\htdocs\wordpress\wp-includes\class-wp-hook.php(2

2018-03-28T08:51:03+00:00 CRITICAL Uncaught Error: Call to undefined function getTimestamp() in C:\xampp\htdocs\wordpress\wp-content\themes\supermax\functions.php:63
Stack trace:
#0 C:\xampp\htdocs\wordpress\wp-includes\class-wp-hook.php(286): ofertas_semanales('<del><span clas...', Object(WC_Product_Simple))
#1 C:\xampp\htdocs\wordpress\wp-includes\plugin.php(203): WP_Hook->apply_filters('<del><span clas...', Array)
#2 C:\xampp\htdocs\wordpress\wp-content\plugins\woocommerce\includes\abstracts\abstract-wc-product.php(1718): apply_filters('woocommerce_get...', '<del><span clas...', Object(WC_Product_Simple))
#3 C:\xampp\htdocs\wordpress\wp-content\plugins\woocommerce\templates\loop\price.php(26): WC_Product->get_price_html()
#4 C:\xampp\htdocs\wordpress\wp-content\plugins\woocommerce\includes\wc-core-functions.php(211): include('C:\\xampp\\htdocs...')
#5 C:\xampp\htdocs\wordpress\wp-content\plugins\woocommerce\includes\wc-template-functions.php(900): wc_get_template('loop/price.php')
#6 C:\xampp\htdocs\wordpress\wp-includes\class-wp-hook.php(2

2018-03-28T09:17:58+00:00 CRITICAL Uncaught Error: Call to undefined function timestamp() in C:\xampp\htdocs\wordpress\wp-content\themes\supermax\functions.php:56
Stack trace:
#0 C:\xampp\htdocs\wordpress\wp-includes\class-wp-hook.php(286): ofertas_semanales('<del><span clas...', Object(WC_Product_Simple))
#1 C:\xampp\htdocs\wordpress\wp-includes\plugin.php(203): WP_Hook->apply_filters('<del><span clas...', Array)
#2 C:\xampp\htdocs\wordpress\wp-content\plugins\woocommerce\includes\abstracts\abstract-wc-product.php(1718): apply_filters('woocommerce_get...', '<del><span clas...', Object(WC_Product_Simple))
#3 C:\xampp\htdocs\wordpress\wp-content\plugins\woocommerce\templates\loop\price.php(26): WC_Product->get_price_html()
#4 C:\xampp\htdocs\wordpress\wp-content\plugins\woocommerce\includes\wc-core-functions.php(211): include('C:\\xampp\\htdocs...')
#5 C:\xampp\htdocs\wordpress\wp-content\plugins\woocommerce\includes\wc-template-functions.php(900): wc_get_template('loop/price.php')
#6 C:\xampp\htdocs\wordpress\wp-includes\class-wp-hook.php(286)

2018-03-28T09:28:57+00:00 CRITICAL Uncaught Exception: DateTime::__construct(): Failed to parse time string (1522243737) at position 7 (7): Unexpected character in C:\xampp\htdocs\wordpress\wp-content\themes\supermax\functions.php:56
Stack trace:
#0 C:\xampp\htdocs\wordpress\wp-content\themes\supermax\functions.php(56): DateTime->__construct('1522243737')
#1 C:\xampp\htdocs\wordpress\wp-includes\class-wp-hook.php(286): ofertas_semanales('<del><span clas...', Object(WC_Product_Simple))
#2 C:\xampp\htdocs\wordpress\wp-includes\plugin.php(203): WP_Hook->apply_filters('<del><span clas...', Array)
#3 C:\xampp\htdocs\wordpress\wp-content\plugins\woocommerce\includes\abstracts\abstract-wc-product.php(1718): apply_filters('woocommerce_get...', '<del><span clas...', Object(WC_Product_Simple))
#4 C:\xampp\htdocs\wordpress\wp-content\plugins\woocommerce\templates\loop\price.php(26): WC_Product->get_price_html()
#5 C:\xampp\htdocs\wordpress\wp-content\plugins\woocommerce\includes\wc-core-functions.php(211): include('C:\\xampp\\htdocs...')
#6 C:\xampp\htdo

2018-03-28T09:44:48+00:00 CRITICAL Uncaught Error: Call to undefined function srttodate() in C:\xampp\htdocs\wordpress\wp-content\themes\supermax\functions.php:50
Stack trace:
#0 C:\xampp\htdocs\wordpress\wp-includes\class-wp-hook.php(286): ofertas_semanales('<del><span clas...', Object(WC_Product_Simple))
#1 C:\xampp\htdocs\wordpress\wp-includes\plugin.php(203): WP_Hook->apply_filters('<del><span clas...', Array)
#2 C:\xampp\htdocs\wordpress\wp-content\plugins\woocommerce\includes\abstracts\abstract-wc-product.php(1718): apply_filters('woocommerce_get...', '<del><span clas...', Object(WC_Product_Simple))
#3 C:\xampp\htdocs\wordpress\wp-content\plugins\woocommerce\templates\loop\price.php(26): WC_Product->get_price_html()
#4 C:\xampp\htdocs\wordpress\wp-content\plugins\woocommerce\includes\wc-core-functions.php(211): include('C:\\xampp\\htdocs...')
#5 C:\xampp\htdocs\wordpress\wp-content\plugins\woocommerce\includes\wc-template-functions.php(900): wc_get_template('loop/price.php')
#6 C:\xampp\htdocs\wordpress\wp-includes\class-wp-hook.php(286)

2018-03-28T09:47:15+00:00 CRITICAL Uncaught Error: Call to undefined function have_post() in C:\xampp\htdocs\wordpress\wp-content\themes\supermax\functions.php:54
Stack trace:
#0 C:\xampp\htdocs\wordpress\wp-includes\class-wp-hook.php(286): ofertas_semanales('<del><span clas...', Object(WC_Product_Simple))
#1 C:\xampp\htdocs\wordpress\wp-includes\plugin.php(203): WP_Hook->apply_filters('<del><span clas...', Array)
#2 C:\xampp\htdocs\wordpress\wp-content\plugins\woocommerce\includes\abstracts\abstract-wc-product.php(1718): apply_filters('woocommerce_get...', '<del><span clas...', Object(WC_Product_Simple))
#3 C:\xampp\htdocs\wordpress\wp-content\plugins\woocommerce\templates\loop\price.php(26): WC_Product->get_price_html()
#4 C:\xampp\htdocs\wordpress\wp-content\plugins\woocommerce\includes\wc-core-functions.php(211): include('C:\\xampp\\htdocs...')
#5 C:\xampp\htdocs\wordpress\wp-content\plugins\woocommerce\includes\wc-template-functions.php(900): wc_get_template('loop/price.php')
#6 C:\xampp\htdocs\wordpress\wp-includes\class-wp-hook.php(286)

2018-03-28T09:48:48+00:00 CRITICAL Uncaught Error: Call to undefined function have_post() in C:\xampp\htdocs\wordpress\wp-content\themes\supermax\functions.php:54
Stack trace:
#0 C:\xampp\htdocs\wordpress\wp-includes\class-wp-hook.php(286): ofertas_semanales('<del><span clas...', Object(WC_Product_Simple))
#1 C:\xampp\htdocs\wordpress\wp-includes\plugin.php(203): WP_Hook->apply_filters('<del><span clas...', Array)
#2 C:\xampp\htdocs\wordpress\wp-content\plugins\woocommerce\includes\abstracts\abstract-wc-product.php(1718): apply_filters('woocommerce_get...', '<del><span clas...', Object(WC_Product_Simple))
#3 C:\xampp\htdocs\wordpress\wp-content\plugins\woocommerce\templates\loop\price.php(26): WC_Product->get_price_html()
#4 C:\xampp\htdocs\wordpress\wp-content\plugins\woocommerce\includes\wc-core-functions.php(211): include('C:\\xampp\\htdocs...')
#5 C:\xampp\htdocs\wordpress\wp-content\plugins\woocommerce\includes\wc-template-functions.php(900): wc_get_template('loop/price.php')
#6 C:\xampp\htdocs\wordpress\wp-includes\class-wp-hook.php(286)

2018-03-28T09:49:16+00:00 CRITICAL Uncaught Error: Call to undefined function have_post() in C:\xampp\htdocs\wordpress\wp-content\themes\supermax\functions.php:54
Stack trace:
#0 C:\xampp\htdocs\wordpress\wp-includes\class-wp-hook.php(286): ofertas_semanales('<del><span clas...', Object(WC_Product_Simple))
#1 C:\xampp\htdocs\wordpress\wp-includes\plugin.php(203): WP_Hook->apply_filters('<del><span clas...', Array)
#2 C:\xampp\htdocs\wordpress\wp-content\plugins\woocommerce\includes\abstracts\abstract-wc-product.php(1718): apply_filters('woocommerce_get...', '<del><span clas...', Object(WC_Product_Simple))
#3 C:\xampp\htdocs\wordpress\wp-content\plugins\woocommerce\templates\loop\price.php(26): WC_Product->get_price_html()
#4 C:\xampp\htdocs\wordpress\wp-content\plugins\woocommerce\includes\wc-core-functions.php(211): include('C:\\xampp\\htdocs...')
#5 C:\xampp\htdocs\wordpress\wp-content\plugins\woocommerce\includes\wc-template-functions.php(900): wc_get_template('loop/price.php')
#6 C:\xampp\htdocs\wordpress\wp-includes\class-wp-hook.php(286)

2018-03-28T09:49:23+00:00 CRITICAL Uncaught Error: Call to undefined function have_post() in C:\xampp\htdocs\wordpress\wp-content\themes\supermax\functions.php:54
Stack trace:
#0 C:\xampp\htdocs\wordpress\wp-includes\class-wp-hook.php(286): ofertas_semanales('<del><span clas...', Object(WC_Product_Simple))
#1 C:\xampp\htdocs\wordpress\wp-includes\plugin.php(203): WP_Hook->apply_filters('<del><span clas...', Array)
#2 C:\xampp\htdocs\wordpress\wp-content\plugins\woocommerce\includes\abstracts\abstract-wc-product.php(1718): apply_filters('woocommerce_get...', '<del><span clas...', Object(WC_Product_Simple))
#3 C:\xampp\htdocs\wordpress\wp-content\plugins\woocommerce\templates\loop\price.php(26): WC_Product->get_price_html()
#4 C:\xampp\htdocs\wordpress\wp-content\plugins\woocommerce\includes\wc-core-functions.php(211): include('C:\\xampp\\htdocs...')
#5 C:\xampp\htdocs\wordpress\wp-content\plugins\woocommerce\includes\wc-template-functions.php(900): wc_get_template('loop/price.php')
#6 C:\xampp\htdocs\wordpress\wp-includes\class-wp-hook.php(286)

2018-03-28T09:49:39+00:00 CRITICAL Uncaught Error: Call to a member function get_average_rating() on null in C:\xampp\htdocs\wordpress\wp-content\themes\supermax\functions.php:37
Stack trace:
#0 C:\xampp\htdocs\wordpress\wp-includes\class-wp-hook.php(286): add_star_rating('')
#1 C:\xampp\htdocs\wordpress\wp-includes\class-wp-hook.php(310): WP_Hook->apply_filters(NULL, Array)
#2 C:\xampp\htdocs\wordpress\wp-includes\plugin.php(453): WP_Hook->do_action(Array)
#3 C:\xampp\htdocs\wordpress\wp-content\plugins\woocommerce\templates\content-product.php(68): do_action('woocommerce_aft...')
#4 C:\xampp\htdocs\wordpress\wp-includes\template.php(690): require('C:\\xampp\\htdocs...')
#5 C:\xampp\htdocs\wordpress\wp-content\plugins\woocommerce\includes\wc-core-functions.php(180): load_template('C:\\xampp\\htdocs...', false)
#6 C:\xampp\htdocs\wordpress\wp-content\plugins\woocommerce\includes\shortcodes\class-wc-shortcode-products.php(586): wc_get_template_part('content', 'product')
#7 C:\xampp\htdocs\wordpress\wp-content\plugins\woocommerce\includes\shortc

2018-03-28T10:38:11+00:00 CRITICAL Uncaught Error: Call to a member function have_posts() on null in C:\xampp\htdocs\wordpress\wp-content\themes\supermax\functions.php:63
Stack trace:
#0 C:\xampp\htdocs\wordpress\wp-includes\shortcodes.php(319): ofertas_semanales('', '', 'ofertas_semanal...')
#1 [internal function]: do_shortcode_tag(Array)
#2 C:\xampp\htdocs\wordpress\wp-includes\shortcodes.php(197): preg_replace_callback('/\\[(\\[?)(oferta...', 'do_shortcode_ta...', '<h1>Ofertas Sem...')
#3 C:\xampp\htdocs\wordpress\wp-includes\class-wp-hook.php(286): do_shortcode('<h1>Ofertas Sem...')
#4 C:\xampp\htdocs\wordpress\wp-includes\plugin.php(203): WP_Hook->apply_filters('<h1>Ofertas Sem...', Array)
#5 C:\xampp\htdocs\wordpress\wp-includes\post-template.php(240): apply_filters('the_content', '<h1>Ofertas Sem...')
#6 C:\xampp\htdocs\wordpress\wp-content\themes\shop-isle\inc\structure\page.php(18): the_content()
#7 C:\xampp\htdocs\wordpress\wp-includes\class-wp-hook.php(286): shop_isle_page_content('')
#8 C:\xampp\htdocs\wordpress\wp-includes\class-w

2018-03-28T10:47:18+00:00 CRITICAL Uncaught Error: Call to a member function the_post() on null in C:\xampp\htdocs\wordpress\wp-content\themes\supermax\functions.php:83
Stack trace:
#0 C:\xampp\htdocs\wordpress\wp-includes\shortcodes.php(319): ofertas_semanales('', Object(WC_Product_Simple), 'ofertas_semanal...')
#1 [internal function]: do_shortcode_tag(Array)
#2 C:\xampp\htdocs\wordpress\wp-includes\shortcodes.php(197): preg_replace_callback('/\\[(\\[?)(oferta...', 'do_shortcode_ta...', '<h1>Ofertas Sem...')
#3 C:\xampp\htdocs\wordpress\wp-includes\class-wp-hook.php(286): do_shortcode('<h1>Ofertas Sem...')
#4 C:\xampp\htdocs\wordpress\wp-includes\plugin.php(203): WP_Hook->apply_filters('<h1>Ofertas Sem...', Array)
#5 C:\xampp\htdocs\wordpress\wp-includes\post-template.php(240): apply_filters('the_content', '<h1>Ofertas Sem...')
#6 C:\xampp\htdocs\wordpress\wp-content\themes\shop-isle\inc\structure\page.php(18): the_content()
#7 C:\xampp\htdocs\wordpress\wp-includes\class-wp-hook.php(286): shop_isle_page_content('')
#8 C:\xampp\htdocs\wordpres

2018-03-28T12:31:42+00:00 CRITICAL Uncaught Error: Call to undefined function is_sale() in C:\xampp\htdocs\wordpress\wp-content\themes\supermax\functions.php:86
Stack trace:
#0 C:\xampp\htdocs\wordpress\wp-includes\shortcodes.php(319): ofertas_semanales('', Object(WC_Product_Simple), 'ofertas_semanal...')
#1 [internal function]: do_shortcode_tag(Array)
#2 C:\xampp\htdocs\wordpress\wp-includes\shortcodes.php(197): preg_replace_callback('/\\[(\\[?)(oferta...', 'do_shortcode_ta...', '[ofertas_semana...')
#3 C:\xampp\htdocs\wordpress\wp-includes\class-wp-hook.php(286): do_shortcode('[ofertas_semana...')
#4 C:\xampp\htdocs\wordpress\wp-includes\plugin.php(203): WP_Hook->apply_filters('[ofertas_semana...', Array)
#5 C:\xampp\htdocs\wordpress\wp-includes\post-template.php(240): apply_filters('the_content', '[ofertas_semana...')
#6 C:\xampp\htdocs\wordpress\wp-content\themes\shop-isle\inc\structure\page.php(18): the_content()
#7 C:\xampp\htdocs\wordpress\wp-includes\class-wp-hook.php(286): shop_isle_page_content('')
#8 C:\xampp\htdocs\wordpress\wp-inc

2018-03-28T12:31:58+00:00 CRITICAL Uncaught Error: Call to undefined method WC_Product_Simple::is_sale() in C:\xampp\htdocs\wordpress\wp-content\themes\supermax\functions.php:86
Stack trace:
#0 C:\xampp\htdocs\wordpress\wp-includes\shortcodes.php(319): ofertas_semanales('', Object(WC_Product_Simple), 'ofertas_semanal...')
#1 [internal function]: do_shortcode_tag(Array)
#2 C:\xampp\htdocs\wordpress\wp-includes\shortcodes.php(197): preg_replace_callback('/\\[(\\[?)(oferta...', 'do_shortcode_ta...', '[ofertas_semana...')
#3 C:\xampp\htdocs\wordpress\wp-includes\class-wp-hook.php(286): do_shortcode('[ofertas_semana...')
#4 C:\xampp\htdocs\wordpress\wp-includes\plugin.php(203): WP_Hook->apply_filters('[ofertas_semana...', Array)
#5 C:\xampp\htdocs\wordpress\wp-includes\post-template.php(240): apply_filters('the_content', '[ofertas_semana...')
#6 C:\xampp\htdocs\wordpress\wp-content\themes\shop-isle\inc\structure\page.php(18): the_content()
#7 C:\xampp\htdocs\wordpress\wp-includes\class-wp-hook.php(286): shop_isle_page_content('')
#8 C:\xampp\htdocs

2018-03-28T12:42:26+00:00 CRITICAL Uncaught Error: Call to undefined function number() in C:\xampp\htdocs\wordpress\wp-content\themes\supermax\functions.php:83
Stack trace:
#0 C:\xampp\htdocs\wordpress\wp-includes\shortcodes.php(319): ofertas_semanales('', Object(WC_Product_Simple), 'ofertas_semanal...')
#1 [internal function]: do_shortcode_tag(Array)
#2 C:\xampp\htdocs\wordpress\wp-includes\shortcodes.php(197): preg_replace_callback('/\\[(\\[?)(oferta...', 'do_shortcode_ta...', '[ofertas_semana...')
#3 C:\xampp\htdocs\wordpress\wp-includes\class-wp-hook.php(286): do_shortcode('[ofertas_semana...')
#4 C:\xampp\htdocs\wordpress\wp-includes\plugin.php(203): WP_Hook->apply_filters('[ofertas_semana...', Array)
#5 C:\xampp\htdocs\wordpress\wp-includes\post-template.php(240): apply_filters('the_content', '[ofertas_semana...')
#6 C:\xampp\htdocs\wordpress\wp-content\themes\shop-isle\inc\structure\page.php(18): the_content()
#7 C:\xampp\htdocs\wordpress\wp-includes\class-wp-hook.php(286): shop_isle_page_content('')
#8 C:\xampp\htdocs\wordpress\wp-incl

2018-03-28T12:43:01+00:00 CRITICAL Uncaught Error: Call to undefined function int() in C:\xampp\htdocs\wordpress\wp-content\themes\supermax\functions.php:83
Stack trace:
#0 C:\xampp\htdocs\wordpress\wp-includes\shortcodes.php(319): ofertas_semanales('', Object(WC_Product_Simple), 'ofertas_semanal...')
#1 [internal function]: do_shortcode_tag(Array)
#2 C:\xampp\htdocs\wordpress\wp-includes\shortcodes.php(197): preg_replace_callback('/\\[(\\[?)(oferta...', 'do_shortcode_ta...', '[ofertas_semana...')
#3 C:\xampp\htdocs\wordpress\wp-includes\class-wp-hook.php(286): do_shortcode('[ofertas_semana...')
#4 C:\xampp\htdocs\wordpress\wp-includes\plugin.php(203): WP_Hook->apply_filters('[ofertas_semana...', Array)
#5 C:\xampp\htdocs\wordpress\wp-includes\post-template.php(240): apply_filters('the_content', '[ofertas_semana...')
#6 C:\xampp\htdocs\wordpress\wp-content\themes\shop-isle\inc\structure\page.php(18): the_content()
#7 C:\xampp\htdocs\wordpress\wp-includes\class-wp-hook.php(286): shop_isle_page_content('')
#8 C:\xampp\htdocs\wordpress\wp-include

2018-03-28T12:43:13+00:00 CRITICAL Uncaught Error: Call to undefined function integer() in C:\xampp\htdocs\wordpress\wp-content\themes\supermax\functions.php:83
Stack trace:
#0 C:\xampp\htdocs\wordpress\wp-includes\shortcodes.php(319): ofertas_semanales('', Object(WC_Product_Simple), 'ofertas_semanal...')
#1 [internal function]: do_shortcode_tag(Array)
#2 C:\xampp\htdocs\wordpress\wp-includes\shortcodes.php(197): preg_replace_callback('/\\[(\\[?)(oferta...', 'do_shortcode_ta...', '[ofertas_semana...')
#3 C:\xampp\htdocs\wordpress\wp-includes\class-wp-hook.php(286): do_shortcode('[ofertas_semana...')
#4 C:\xampp\htdocs\wordpress\wp-includes\plugin.php(203): WP_Hook->apply_filters('[ofertas_semana...', Array)
#5 C:\xampp\htdocs\wordpress\wp-includes\post-template.php(240): apply_filters('the_content', '[ofertas_semana...')
#6 C:\xampp\htdocs\wordpress\wp-content\themes\shop-isle\inc\structure\page.php(18): the_content()
#7 C:\xampp\htdocs\wordpress\wp-includes\class-wp-hook.php(286): shop_isle_page_content('')
#8 C:\xampp\htdocs\wordpress\wp-inc

2018-03-29T07:39:07+00:00 CRITICAL Maximum execution time of 120 seconds exceeded

2018-03-29T07:40:34+00:00 CRITICAL Maximum execution time of 120 seconds exceeded

2018-03-29T07:40:34+00:00 CRITICAL Maximum execution time of 120 seconds exceeded

2018-03-29T07:40:34+00:00 CRITICAL Maximum execution time of 120 seconds exceeded

2018-03-29T10:32:03+00:00 CRITICAL Uncaught Error: Call to a member function is_type() on null in C:\xampp\htdocs\wordpress\wp-content\plugins\woocommerce-show-short-description\archive-short-descriptions.php:14
Stack trace:
#0 C:\xampp\htdocs\wordpress\wp-includes\class-wp-hook.php(286): add_product_description('')
#1 C:\xampp\htdocs\wordpress\wp-includes\class-wp-hook.php(310): WP_Hook->apply_filters('', Array)
#2 C:\xampp\htdocs\wordpress\wp-includes\plugin.php(453): WP_Hook->do_action(Array)
#3 C:\xampp\htdocs\wordpress\wp-content\plugins\woocommerce\templates\content-product.php(59): do_action('woocommerce_aft...')
#4 C:\xampp\htdocs\wordpress\wp-includes\template.php(690): require('C:\\xampp\\htdocs...')
#5 C:\xampp\htdocs\wordpress\wp-content\plugins\woocommerce\includes\wc-core-functions.php(180): load_template('C:\\xampp\\htdocs...', false)
#6 C:\xampp\htdocs\wordpress\wp-content\plugins\woocommerce\includes\shortcodes\class-wc-shortcode-products.php(586): wc_get_template_part('content', 'product')
#7 C:\xampp\htdocs\wordpress\wp-cont

2018-03-29T10:32:13+00:00 CRITICAL Uncaught Error: Call to a member function is_type() on null in C:\xampp\htdocs\wordpress\wp-content\plugins\woocommerce-show-short-description\archive-short-descriptions.php:14
Stack trace:
#0 C:\xampp\htdocs\wordpress\wp-includes\class-wp-hook.php(286): add_product_description('')
#1 C:\xampp\htdocs\wordpress\wp-includes\class-wp-hook.php(310): WP_Hook->apply_filters('', Array)
#2 C:\xampp\htdocs\wordpress\wp-includes\plugin.php(453): WP_Hook->do_action(Array)
#3 C:\xampp\htdocs\wordpress\wp-content\plugins\woocommerce\templates\content-product.php(59): do_action('woocommerce_aft...')
#4 C:\xampp\htdocs\wordpress\wp-includes\template.php(690): require('C:\\xampp\\htdocs...')
#5 C:\xampp\htdocs\wordpress\wp-content\plugins\woocommerce\includes\wc-core-functions.php(180): load_template('C:\\xampp\\htdocs...', false)
#6 C:\xampp\htdocs\wordpress\wp-content\plugins\woocommerce\templates\single-product\related.php(38): wc_get_template_part('content', 'product')
#7 C:\xampp\htdocs\wordpress\wp-content\plugins\wooc

2018-03-29T11:32:05+00:00 CRITICAL Uncaught Error: Call to undefined function http://localhost/wordpress/wp-content/themes/supermax() in C:\xampp\htdocs\wordpress\wp-content\themes\supermax\functions.php:9
Stack trace:
#0 C:\xampp\htdocs\wordpress\wp-includes\class-wp-hook.php(286): shop_isle_supermercados_max_enqueue_styles('')
#1 C:\xampp\htdocs\wordpress\wp-includes\class-wp-hook.php(310): WP_Hook->apply_filters(NULL, Array)
#2 C:\xampp\htdocs\wordpress\wp-includes\plugin.php(453): WP_Hook->do_action(Array)
#3 C:\xampp\htdocs\wordpress\wp-includes\script-loader.php(1435): do_action('wp_enqueue_scri...')
#4 C:\xampp\htdocs\wordpress\wp-includes\class-wp-hook.php(286): wp_enqueue_scripts('')
#5 C:\xampp\htdocs\wordpress\wp-includes\class-wp-hook.php(310): WP_Hook->apply_filters(NULL, Array)
#6 C:\xampp\htdocs\wordpress\wp-includes\plugin.php(453): WP_Hook->do_action(Array)
#7 C:\xampp\htdocs\wordpress\wp-includes\general-template.php(2614): do_action('wp_head')
#8 C:\xampp\htdocs\wordpress\wp-content\themes\shop-isle\header.php(17): wp_head()

2018-03-29T11:32:32+00:00 CRITICAL Uncaught Error: Call to undefined function http://localhost/wordpress/wp-content/themes/supermax() in C:\xampp\htdocs\wordpress\wp-content\themes\supermax\functions.php:9
Stack trace:
#0 C:\xampp\htdocs\wordpress\wp-includes\class-wp-hook.php(286): shop_isle_supermercados_max_enqueue_styles('')
#1 C:\xampp\htdocs\wordpress\wp-includes\class-wp-hook.php(310): WP_Hook->apply_filters(NULL, Array)
#2 C:\xampp\htdocs\wordpress\wp-includes\plugin.php(453): WP_Hook->do_action(Array)
#3 C:\xampp\htdocs\wordpress\wp-includes\script-loader.php(1435): do_action('wp_enqueue_scri...')
#4 C:\xampp\htdocs\wordpress\wp-includes\class-wp-hook.php(286): wp_enqueue_scripts('')
#5 C:\xampp\htdocs\wordpress\wp-includes\class-wp-hook.php(310): WP_Hook->apply_filters(NULL, Array)
#6 C:\xampp\htdocs\wordpress\wp-includes\plugin.php(453): WP_Hook->do_action(Array)
#7 C:\xampp\htdocs\wordpress\wp-includes\general-template.php(2614): do_action('wp_head')
#8 C:\xampp\htdocs\wordpress\wp-content\themes\shop-isle\header.php(17): wp_head()

2018-03-29T11:32:52+00:00 CRITICAL Uncaught Error: Call to undefined function http://localhost/wordpress/wp-content/themes/supermax() in C:\xampp\htdocs\wordpress\wp-content\themes\supermax\functions.php:9
Stack trace:
#0 C:\xampp\htdocs\wordpress\wp-includes\class-wp-hook.php(286): shop_isle_supermercados_max_enqueue_styles('')
#1 C:\xampp\htdocs\wordpress\wp-includes\class-wp-hook.php(310): WP_Hook->apply_filters(NULL, Array)
#2 C:\xampp\htdocs\wordpress\wp-includes\plugin.php(453): WP_Hook->do_action(Array)
#3 C:\xampp\htdocs\wordpress\wp-includes\script-loader.php(1435): do_action('wp_enqueue_scri...')
#4 C:\xampp\htdocs\wordpress\wp-includes\class-wp-hook.php(286): wp_enqueue_scripts('')
#5 C:\xampp\htdocs\wordpress\wp-includes\class-wp-hook.php(310): WP_Hook->apply_filters(NULL, Array)
#6 C:\xampp\htdocs\wordpress\wp-includes\plugin.php(453): WP_Hook->do_action(Array)
#7 C:\xampp\htdocs\wordpress\wp-includes\general-template.php(2614): do_action('wp_head')
#8 C:\xampp\htdocs\wordpress\wp-content\themes\shop-isle\header.php(17): wp_head()

2018-03-29T11:36:18+00:00 CRITICAL Uncaught Error: Call to undefined function http://localhost/wordpress/wp-content/themes/supermax() in C:\xampp\htdocs\wordpress\wp-content\themes\supermax\functions.php:9
Stack trace:
#0 C:\xampp\htdocs\wordpress\wp-includes\class-wp-hook.php(286): shop_isle_supermercados_max_enqueue_styles('')
#1 C:\xampp\htdocs\wordpress\wp-includes\class-wp-hook.php(310): WP_Hook->apply_filters(NULL, Array)
#2 C:\xampp\htdocs\wordpress\wp-includes\plugin.php(453): WP_Hook->do_action(Array)
#3 C:\xampp\htdocs\wordpress\wp-includes\script-loader.php(1435): do_action('wp_enqueue_scri...')
#4 C:\xampp\htdocs\wordpress\wp-includes\class-wp-hook.php(286): wp_enqueue_scripts('')
#5 C:\xampp\htdocs\wordpress\wp-includes\class-wp-hook.php(310): WP_Hook->apply_filters(NULL, Array)
#6 C:\xampp\htdocs\wordpress\wp-includes\plugin.php(453): WP_Hook->do_action(Array)
#7 C:\xampp\htdocs\wordpress\wp-includes\general-template.php(2614): do_action('wp_head')
#8 C:\xampp\htdocs\wordpress\wp-content\themes\shop-isle\header.php(17): wp_head()

2018-03-29T15:37:54+00:00 CRITICAL Uncaught Error: Call to a member function is_serialized() on null in C:\xampp\htdocs\wordpress\wp-content\plugins\ultimate-member\core\um-short-functions.php:1467
Stack trace:
#0 C:\xampp\htdocs\wordpress\wp-content\themes\supermax\functions.php(187): um_user('ID')
#1 C:\xampp\htdocs\wordpress\wp-settings.php(424): include('C:\\xampp\\htdocs...')
#2 C:\xampp\htdocs\wordpress\wp-config.php(89): require_once('C:\\xampp\\htdocs...')
#3 C:\xampp\htdocs\wordpress\wp-load.php(37): require_once('C:\\xampp\\htdocs...')
#4 C:\xampp\htdocs\wordpress\wp-blog-header.php(13): require_once('C:\\xampp\\htdocs...')
#5 C:\xampp\htdocs\wordpress\index.php(17): require('C:\\xampp\\htdocs...')
#6 {main}
  thrown

2018-03-29T15:39:50+00:00 CRITICAL Uncaught Error: Call to a member function is_serialized() on null in C:\xampp\htdocs\wordpress\wp-content\plugins\ultimate-member\core\um-short-functions.php:1467
Stack trace:
#0 C:\xampp\htdocs\wordpress\wp-content\themes\supermax\functions.php(187): um_user('ID')
#1 C:\xampp\htdocs\wordpress\wp-settings.php(424): include('C:\\xampp\\htdocs...')
#2 C:\xampp\htdocs\wordpress\wp-config.php(89): require_once('C:\\xampp\\htdocs...')
#3 C:\xampp\htdocs\wordpress\wp-load.php(37): require_once('C:\\xampp\\htdocs...')
#4 C:\xampp\htdocs\wordpress\wp-blog-header.php(13): require_once('C:\\xampp\\htdocs...')
#5 C:\xampp\htdocs\wordpress\index.php(17): require('C:\\xampp\\htdocs...')
#6 {main}
  thrown

2018-03-29T15:40:09+00:00 CRITICAL Uncaught Error: Call to a member function is_serialized() on null in C:\xampp\htdocs\wordpress\wp-content\plugins\ultimate-member\core\um-short-functions.php:1467
Stack trace:
#0 C:\xampp\htdocs\wordpress\wp-content\themes\supermax\functions.php(187): um_user('ID')
#1 C:\xampp\htdocs\wordpress\wp-settings.php(424): include('C:\\xampp\\htdocs...')
#2 C:\xampp\htdocs\wordpress\wp-config.php(89): require_once('C:\\xampp\\htdocs...')
#3 C:\xampp\htdocs\wordpress\wp-load.php(37): require_once('C:\\xampp\\htdocs...')
#4 C:\xampp\htdocs\wordpress\wp-blog-header.php(13): require_once('C:\\xampp\\htdocs...')
#5 C:\xampp\htdocs\wordpress\index.php(17): require('C:\\xampp\\htdocs...')
#6 {main}
  thrown

2018-03-29T15:41:16+00:00 CRITICAL Uncaught Error: Call to a member function is_serialized() on null in C:\xampp\htdocs\wordpress\wp-content\plugins\ultimate-member\core\um-short-functions.php:1467
Stack trace:
#0 C:\xampp\htdocs\wordpress\wp-content\themes\supermax\functions.php(186): um_user('cu->ID')
#1 C:\xampp\htdocs\wordpress\wp-settings.php(424): include('C:\\xampp\\htdocs...')
#2 C:\xampp\htdocs\wordpress\wp-config.php(89): require_once('C:\\xampp\\htdocs...')
#3 C:\xampp\htdocs\wordpress\wp-load.php(37): require_once('C:\\xampp\\htdocs...')
#4 C:\xampp\htdocs\wordpress\wp-blog-header.php(13): require_once('C:\\xampp\\htdocs...')
#5 C:\xampp\htdocs\wordpress\index.php(17): require('C:\\xampp\\htdocs...')
#6 {main}
  thrown

2018-03-29T15:41:18+00:00 CRITICAL Uncaught Error: Call to a member function is_serialized() on null in C:\xampp\htdocs\wordpress\wp-content\plugins\ultimate-member\core\um-short-functions.php:1467
Stack trace:
#0 C:\xampp\htdocs\wordpress\wp-content\themes\supermax\functions.php(186): um_user('cu->ID')
#1 C:\xampp\htdocs\wordpress\wp-settings.php(424): include('C:\\xampp\\htdocs...')
#2 C:\xampp\htdocs\wordpress\wp-config.php(89): require_once('C:\\xampp\\htdocs...')
#3 C:\xampp\htdocs\wordpress\wp-load.php(37): require_once('C:\\xampp\\htdocs...')
#4 C:\xampp\htdocs\wordpress\wp-admin\admin-ajax.php(22): require_once('C:\\xampp\\htdocs...')
#5 {main}
  thrown

2018-03-29T15:41:44+00:00 CRITICAL Uncaught Error: Call to a member function is_serialized() on null in C:\xampp\htdocs\wordpress\wp-content\plugins\ultimate-member\core\um-short-functions.php:1467
Stack trace:
#0 C:\xampp\htdocs\wordpress\wp-content\themes\supermax\functions.php(187): um_user(NULL)
#1 C:\xampp\htdocs\wordpress\wp-settings.php(424): include('C:\\xampp\\htdocs...')
#2 C:\xampp\htdocs\wordpress\wp-config.php(89): require_once('C:\\xampp\\htdocs...')
#3 C:\xampp\htdocs\wordpress\wp-load.php(37): require_once('C:\\xampp\\htdocs...')
#4 C:\xampp\htdocs\wordpress\wp-blog-header.php(13): require_once('C:\\xampp\\htdocs...')
#5 C:\xampp\htdocs\wordpress\index.php(17): require('C:\\xampp\\htdocs...')
#6 {main}
  thrown

2018-03-29T15:41:50+00:00 CRITICAL Uncaught Error: Call to a member function is_serialized() on null in C:\xampp\htdocs\wordpress\wp-content\plugins\ultimate-member\core\um-short-functions.php:1467
Stack trace:
#0 C:\xampp\htdocs\wordpress\wp-content\themes\supermax\functions.php(187): um_user()
#1 C:\xampp\htdocs\wordpress\wp-settings.php(424): include('C:\\xampp\\htdocs...')
#2 C:\xampp\htdocs\wordpress\wp-config.php(89): require_once('C:\\xampp\\htdocs...')
#3 C:\xampp\htdocs\wordpress\wp-load.php(37): require_once('C:\\xampp\\htdocs...')
#4 C:\xampp\htdocs\wordpress\wp-blog-header.php(13): require_once('C:\\xampp\\htdocs...')
#5 C:\xampp\htdocs\wordpress\index.php(17): require('C:\\xampp\\htdocs...')
#6 {main}
  thrown

2018-03-29T15:42:53+00:00 CRITICAL Uncaught Error: Call to a member function is_serialized() on null in C:\xampp\htdocs\wordpress\wp-content\plugins\ultimate-member\core\um-short-functions.php:1467
Stack trace:
#0 C:\xampp\htdocs\wordpress\wp-content\themes\supermax\functions.php(187): um_user('ID')
#1 C:\xampp\htdocs\wordpress\wp-settings.php(424): include('C:\\xampp\\htdocs...')
#2 C:\xampp\htdocs\wordpress\wp-config.php(89): require_once('C:\\xampp\\htdocs...')
#3 C:\xampp\htdocs\wordpress\wp-load.php(37): require_once('C:\\xampp\\htdocs...')
#4 C:\xampp\htdocs\wordpress\wp-admin\admin-ajax.php(22): require_once('C:\\xampp\\htdocs...')
#5 {main}
  thrown

2018-03-29T15:42:54+00:00 CRITICAL Uncaught Error: Call to a member function is_serialized() on null in C:\xampp\htdocs\wordpress\wp-content\plugins\ultimate-member\core\um-short-functions.php:1467
Stack trace:
#0 C:\xampp\htdocs\wordpress\wp-content\themes\supermax\functions.php(187): um_user('ID')
#1 C:\xampp\htdocs\wordpress\wp-settings.php(424): include('C:\\xampp\\htdocs...')
#2 C:\xampp\htdocs\wordpress\wp-config.php(89): require_once('C:\\xampp\\htdocs...')
#3 C:\xampp\htdocs\wordpress\wp-load.php(37): require_once('C:\\xampp\\htdocs...')
#4 C:\xampp\htdocs\wordpress\wp-admin\admin.php(31): require_once('C:\\xampp\\htdocs...')
#5 {main}
  thrown

2018-03-29T15:42:54+00:00 CRITICAL Uncaught Error: Call to a member function is_serialized() on null in C:\xampp\htdocs\wordpress\wp-content\plugins\ultimate-member\core\um-short-functions.php:1467
Stack trace:
#0 C:\xampp\htdocs\wordpress\wp-content\themes\supermax\functions.php(187): um_user('ID')
#1 C:\xampp\htdocs\wordpress\wp-settings.php(424): include('C:\\xampp\\htdocs...')
#2 C:\xampp\htdocs\wordpress\wp-config.php(89): require_once('C:\\xampp\\htdocs...')
#3 C:\xampp\htdocs\wordpress\wp-load.php(37): require_once('C:\\xampp\\htdocs...')
#4 C:\xampp\htdocs\wordpress\wp-blog-header.php(13): require_once('C:\\xampp\\htdocs...')
#5 C:\xampp\htdocs\wordpress\index.php(17): require('C:\\xampp\\htdocs...')
#6 {main}
  thrown

2018-03-29T15:44:49+00:00 CRITICAL Uncaught Error: Call to undefined function get_address_fields() in C:\xampp\htdocs\wordpress\wp-content\themes\supermax\functions.php:187
Stack trace:
#0 C:\xampp\htdocs\wordpress\wp-settings.php(424): include()
#1 C:\xampp\htdocs\wordpress\wp-config.php(89): require_once('C:\\xampp\\htdocs...')
#2 C:\xampp\htdocs\wordpress\wp-load.php(37): require_once('C:\\xampp\\htdocs...')
#3 C:\xampp\htdocs\wordpress\wp-blog-header.php(13): require_once('C:\\xampp\\htdocs...')
#4 C:\xampp\htdocs\wordpress\index.php(17): require('C:\\xampp\\htdocs...')
#5 {main}
  thrown

2018-03-29T15:47:35+00:00 CRITICAL Uncaught Error: Call to a member function get_address_fields() on null in C:\xampp\htdocs\wordpress\wp-content\themes\supermax\functions.php:186
Stack trace:
#0 C:\xampp\htdocs\wordpress\wp-settings.php(424): include()
#1 C:\xampp\htdocs\wordpress\wp-config.php(89): require_once('C:\\xampp\\htdocs...')
#2 C:\xampp\htdocs\wordpress\wp-load.php(37): require_once('C:\\xampp\\htdocs...')
#3 C:\xampp\htdocs\wordpress\wp-admin\admin.php(31): require_once('C:\\xampp\\htdocs...')
#4 {main}
  thrown

2018-03-29T15:48:40+00:00 CRITICAL Uncaught Error: Call to a member function woocommerce_default_address_fields() on null in C:\xampp\htdocs\wordpress\wp-content\themes\supermax\functions.php:186
Stack trace:
#0 C:\xampp\htdocs\wordpress\wp-settings.php(424): include()
#1 C:\xampp\htdocs\wordpress\wp-config.php(89): require_once('C:\\xampp\\htdocs...')
#2 C:\xampp\htdocs\wordpress\wp-load.php(37): require_once('C:\\xampp\\htdocs...')
#3 C:\xampp\htdocs\wordpress\wp-admin\admin.php(31): require_once('C:\\xampp\\htdocs...')
#4 {main}
  thrown

2018-03-29T18:08:05+00:00 CRITICAL Uncaught Error: Call to a member function authenticate() on null in C:\xampp\htdocs\wordpress\wp-content\plugins\yith-woocommerce-social-login\includes\class-yith-social-login.php:163
Stack trace:
#0 C:\xampp\htdocs\wordpress\wp-includes\class-wp-hook.php(286): YITH_WC_Social_Login->get_login_request('')
#1 C:\xampp\htdocs\wordpress\wp-includes\class-wp-hook.php(310): WP_Hook->apply_filters(NULL, Array)
#2 C:\xampp\htdocs\wordpress\wp-includes\plugin.php(453): WP_Hook->do_action(Array)
#3 C:\xampp\htdocs\wordpress\wp-settings.php(450): do_action('init')
#4 C:\xampp\htdocs\wordpress\wp-config.php(89): require_once('C:\\xampp\\htdocs...')
#5 C:\xampp\htdocs\wordpress\wp-load.php(37): require_once('C:\\xampp\\htdocs...')
#6 C:\xampp\htdocs\wordpress\wp-login.php(12): require('C:\\xampp\\htdocs...')
#7 {main}
  thrown

2018-03-29T18:13:58+00:00 CRITICAL Maximum execution time of 120 seconds exceeded

2018-03-30T08:26:55+00:00 CRITICAL Maximum execution time of 120 seconds exceeded

2018-03-30T10:55:19+00:00 CRITICAL Maximum execution time of 120 seconds exceeded

2018-03-30T12:52:32+00:00 CRITICAL Maximum execution time of 120 seconds exceeded

2018-03-30T13:07:15+00:00 CRITICAL Uncaught Error: Call to undefined function MiFuncionJS() in C:\xampp\htdocs\wordpress\wp-content\themes\supermax\functions.php:335
Stack trace:
#0 C:\xampp\htdocs\wordpress\wp-settings.php(424): include()
#1 C:\xampp\htdocs\wordpress\wp-config.php(89): require_once('C:\\xampp\\htdocs...')
#2 C:\xampp\htdocs\wordpress\wp-load.php(37): require_once('C:\\xampp\\htdocs...')
#3 C:\xampp\htdocs\wordpress\wp-blog-header.php(13): require_once('C:\\xampp\\htdocs...')
#4 C:\xampp\htdocs\wordpress\index.php(17): require('C:\\xampp\\htdocs...')
#5 {main}
  thrown

2018-03-30T13:07:28+00:00 CRITICAL Uncaught Error: Call to undefined function MiFuncionJS() in C:\xampp\htdocs\wordpress\wp-content\themes\supermax\functions.php:335
Stack trace:
#0 C:\xampp\htdocs\wordpress\wp-settings.php(424): include()
#1 C:\xampp\htdocs\wordpress\wp-config.php(89): require_once('C:\\xampp\\htdocs...')
#2 C:\xampp\htdocs\wordpress\wp-load.php(37): require_once('C:\\xampp\\htdocs...')
#3 C:\xampp\htdocs\wordpress\wp-admin\admin-ajax.php(22): require_once('C:\\xampp\\htdocs...')
#4 {main}
  thrown

2018-03-30T13:07:45+00:00 CRITICAL Uncaught Error: Call to undefined function MiFuncionJS() in C:\xampp\htdocs\wordpress\wp-content\themes\supermax\functions.php:335
Stack trace:
#0 C:\xampp\htdocs\wordpress\wp-settings.php(424): include()
#1 C:\xampp\htdocs\wordpress\wp-config.php(89): require_once('C:\\xampp\\htdocs...')
#2 C:\xampp\htdocs\wordpress\wp-load.php(37): require_once('C:\\xampp\\htdocs...')
#3 C:\xampp\htdocs\wordpress\wp-blog-header.php(13): require_once('C:\\xampp\\htdocs...')
#4 C:\xampp\htdocs\wordpress\index.php(17): require('C:\\xampp\\htdocs...')
#5 {main}
  thrown

2018-03-30T13:08:02+00:00 CRITICAL Uncaught Error: Call to undefined function MiFuncionJS() in C:\xampp\htdocs\wordpress\wp-content\themes\supermax\functions.php:335
Stack trace:
#0 C:\xampp\htdocs\wordpress\wp-settings.php(424): include()
#1 C:\xampp\htdocs\wordpress\wp-config.php(89): require_once('C:\\xampp\\htdocs...')
#2 C:\xampp\htdocs\wordpress\wp-load.php(37): require_once('C:\\xampp\\htdocs...')
#3 C:\xampp\htdocs\wordpress\wp-admin\admin-ajax.php(22): require_once('C:\\xampp\\htdocs...')
#4 {main}
  thrown

2018-03-30T13:39:33+00:00 CRITICAL Uncaught Error: Using $this when not in object context in C:\xampp\htdocs\wordpress\wp-content\themes\supermax\functions.php:419
Stack trace:
#0 C:\xampp\htdocs\wordpress\wp-settings.php(424): include()
#1 C:\xampp\htdocs\wordpress\wp-config.php(89): require_once('C:\\xampp\\htdocs...')
#2 C:\xampp\htdocs\wordpress\wp-load.php(37): require_once('C:\\xampp\\htdocs...')
#3 C:\xampp\htdocs\wordpress\wp-blog-header.php(13): require_once('C:\\xampp\\htdocs...')
#4 C:\xampp\htdocs\wordpress\index.php(17): require('C:\\xampp\\htdocs...')
#5 {main}
  thrown

2018-03-30T13:39:35+00:00 CRITICAL Uncaught Error: Using $this when not in object context in C:\xampp\htdocs\wordpress\wp-content\themes\supermax\functions.php:419
Stack trace:
#0 C:\xampp\htdocs\wordpress\wp-settings.php(424): include()
#1 C:\xampp\htdocs\wordpress\wp-config.php(89): require_once('C:\\xampp\\htdocs...')
#2 C:\xampp\htdocs\wordpress\wp-load.php(37): require_once('C:\\xampp\\htdocs...')
#3 C:\xampp\htdocs\wordpress\wp-admin\admin-ajax.php(22): require_once('C:\\xampp\\htdocs...')
#4 {main}
  thrown

2018-03-30T13:39:47+00:00 CRITICAL Uncaught Error: Using $this when not in object context in C:\xampp\htdocs\wordpress\wp-content\themes\supermax\functions.php:419
Stack trace:
#0 C:\xampp\htdocs\wordpress\wp-settings.php(424): include()
#1 C:\xampp\htdocs\wordpress\wp-config.php(89): require_once('C:\\xampp\\htdocs...')
#2 C:\xampp\htdocs\wordpress\wp-load.php(37): require_once('C:\\xampp\\htdocs...')
#3 C:\xampp\htdocs\wordpress\wp-admin\admin-ajax.php(22): require_once('C:\\xampp\\htdocs...')
#4 {main}
  thrown

2018-03-30T13:39:49+00:00 CRITICAL Uncaught Error: Using $this when not in object context in C:\xampp\htdocs\wordpress\wp-content\themes\supermax\functions.php:419
Stack trace:
#0 C:\xampp\htdocs\wordpress\wp-settings.php(424): include()
#1 C:\xampp\htdocs\wordpress\wp-config.php(89): require_once('C:\\xampp\\htdocs...')
#2 C:\xampp\htdocs\wordpress\wp-load.php(37): require_once('C:\\xampp\\htdocs...')
#3 C:\xampp\htdocs\wordpress\wp-admin\admin-ajax.php(22): require_once('C:\\xampp\\htdocs...')
#4 {main}
  thrown

2018-03-30T13:40:02+00:00 CRITICAL Uncaught Error: Call to undefined function registerJs() in C:\xampp\htdocs\wordpress\wp-content\themes\supermax\functions.php:419
Stack trace:
#0 C:\xampp\htdocs\wordpress\wp-settings.php(424): include()
#1 C:\xampp\htdocs\wordpress\wp-config.php(89): require_once('C:\\xampp\\htdocs...')
#2 C:\xampp\htdocs\wordpress\wp-load.php(37): require_once('C:\\xampp\\htdocs...')
#3 C:\xampp\htdocs\wordpress\wp-blog-header.php(13): require_once('C:\\xampp\\htdocs...')
#4 C:\xampp\htdocs\wordpress\index.php(17): require('C:\\xampp\\htdocs...')
#5 {main}
  thrown

2018-03-30T16:51:36+00:00 CRITICAL Uncaught Error: Call to a member function get_zone_name() on null in C:\xampp\htdocs\wordpress\wp-content\themes\supermax\functions.php:314
Stack trace:
#0 C:\xampp\htdocs\wordpress\wp-settings.php(424): include()
#1 C:\xampp\htdocs\wordpress\wp-config.php(89): require_once('C:\\xampp\\htdocs...')
#2 C:\xampp\htdocs\wordpress\wp-load.php(37): require_once('C:\\xampp\\htdocs...')
#3 C:\xampp\htdocs\wordpress\wp-blog-header.php(13): require_once('C:\\xampp\\htdocs...')
#4 C:\xampp\htdocs\wordpress\index.php(17): require('C:\\xampp\\htdocs...')
#5 {main}
  thrown

2018-03-30T16:51:41+00:00 CRITICAL Uncaught Error: Call to a member function get_zone_name() on null in C:\xampp\htdocs\wordpress\wp-content\themes\supermax\functions.php:314
Stack trace:
#0 C:\xampp\htdocs\wordpress\wp-settings.php(424): include()
#1 C:\xampp\htdocs\wordpress\wp-config.php(89): require_once('C:\\xampp\\htdocs...')
#2 C:\xampp\htdocs\wordpress\wp-load.php(37): require_once('C:\\xampp\\htdocs...')
#3 C:\xampp\htdocs\wordpress\wp-admin\admin-ajax.php(22): require_once('C:\\xampp\\htdocs...')
#4 {main}
  thrown

2018-03-30T16:51:44+00:00 CRITICAL Uncaught Error: Call to a member function get_zone_name() on null in C:\xampp\htdocs\wordpress\wp-content\themes\supermax\functions.php:314
Stack trace:
#0 C:\xampp\htdocs\wordpress\wp-settings.php(424): include()
#1 C:\xampp\htdocs\wordpress\wp-config.php(89): require_once('C:\\xampp\\htdocs...')
#2 C:\xampp\htdocs\wordpress\wp-load.php(37): require_once('C:\\xampp\\htdocs...')
#3 C:\xampp\htdocs\wordpress\wp-admin\admin-ajax.php(22): require_once('C:\\xampp\\htdocs...')
#4 {main}
  thrown

2018-03-30T16:51:48+00:00 CRITICAL Uncaught Error: Call to a member function get_zone_name() on null in C:\xampp\htdocs\wordpress\wp-content\themes\supermax\functions.php:314
Stack trace:
#0 C:\xampp\htdocs\wordpress\wp-settings.php(424): include()
#1 C:\xampp\htdocs\wordpress\wp-config.php(89): require_once('C:\\xampp\\htdocs...')
#2 C:\xampp\htdocs\wordpress\wp-load.php(37): require_once('C:\\xampp\\htdocs...')
#3 C:\xampp\htdocs\wordpress\wp-admin\admin-ajax.php(22): require_once('C:\\xampp\\htdocs...')
#4 {main}
  thrown

2018-03-30T16:51:52+00:00 CRITICAL Uncaught Error: Call to a member function get_zone_name() on null in C:\xampp\htdocs\wordpress\wp-content\themes\supermax\functions.php:315
Stack trace:
#0 C:\xampp\htdocs\wordpress\wp-settings.php(424): include()
#1 C:\xampp\htdocs\wordpress\wp-config.php(89): require_once('C:\\xampp\\htdocs...')
#2 C:\xampp\htdocs\wordpress\wp-load.php(37): require_once('C:\\xampp\\htdocs...')
#3 C:\xampp\htdocs\wordpress\wp-admin\admin-ajax.php(22): require_once('C:\\xampp\\htdocs...')
#4 {main}
  thrown

2018-03-30T16:51:57+00:00 CRITICAL Uncaught Error: Call to undefined method WooCommerce::get_zone_name() in C:\xampp\htdocs\wordpress\wp-content\themes\supermax\functions.php:315
Stack trace:
#0 C:\xampp\htdocs\wordpress\wp-settings.php(424): include()
#1 C:\xampp\htdocs\wordpress\wp-config.php(89): require_once('C:\\xampp\\htdocs...')
#2 C:\xampp\htdocs\wordpress\wp-load.php(37): require_once('C:\\xampp\\htdocs...')
#3 C:\xampp\htdocs\wordpress\wp-blog-header.php(13): require_once('C:\\xampp\\htdocs...')
#4 C:\xampp\htdocs\wordpress\index.php(17): require('C:\\xampp\\htdocs...')
#5 {main}
  thrown

2018-03-30T16:52:27+00:00 CRITICAL Uncaught Error: Call to undefined method WooCommerce::get_zone_name() in C:\xampp\htdocs\wordpress\wp-content\themes\supermax\functions.php:315
Stack trace:
#0 C:\xampp\htdocs\wordpress\wp-settings.php(424): include()
#1 C:\xampp\htdocs\wordpress\wp-config.php(89): require_once('C:\\xampp\\htdocs...')
#2 C:\xampp\htdocs\wordpress\wp-load.php(37): require_once('C:\\xampp\\htdocs...')
#3 C:\xampp\htdocs\wordpress\wp-admin\admin-ajax.php(22): require_once('C:\\xampp\\htdocs...')
#4 {main}
  thrown

2018-03-30T16:53:40+00:00 CRITICAL Uncaught Error: Call to undefined method WooCommerce::get_zone_name() in C:\xampp\htdocs\wordpress\wp-content\themes\supermax\functions.php:315
Stack trace:
#0 C:\xampp\htdocs\wordpress\wp-settings.php(424): include()
#1 C:\xampp\htdocs\wordpress\wp-config.php(89): require_once('C:\\xampp\\htdocs...')
#2 C:\xampp\htdocs\wordpress\wp-load.php(37): require_once('C:\\xampp\\htdocs...')
#3 C:\xampp\htdocs\wordpress\wp-admin\admin-ajax.php(22): require_once('C:\\xampp\\htdocs...')
#4 {main}
  thrown

2018-03-30T16:53:42+00:00 CRITICAL Uncaught Error: Call to undefined method WooCommerce::get_zone_name() in C:\xampp\htdocs\wordpress\wp-content\themes\supermax\functions.php:315
Stack trace:
#0 C:\xampp\htdocs\wordpress\wp-settings.php(424): include()
#1 C:\xampp\htdocs\wordpress\wp-config.php(89): require_once('C:\\xampp\\htdocs...')
#2 C:\xampp\htdocs\wordpress\wp-load.php(37): require_once('C:\\xampp\\htdocs...')
#3 C:\xampp\htdocs\wordpress\wp-admin\admin-ajax.php(22): require_once('C:\\xampp\\htdocs...')
#4 {main}
  thrown

2018-03-30T16:53:47+00:00 CRITICAL Uncaught Error: Call to undefined method WooCommerce::get_zone_name() in C:\xampp\htdocs\wordpress\wp-content\themes\supermax\functions.php:315
Stack trace:
#0 C:\xampp\htdocs\wordpress\wp-settings.php(424): include()
#1 C:\xampp\htdocs\wordpress\wp-config.php(89): require_once('C:\\xampp\\htdocs...')
#2 C:\xampp\htdocs\wordpress\wp-load.php(37): require_once('C:\\xampp\\htdocs...')
#3 C:\xampp\htdocs\wordpress\wp-admin\admin-ajax.php(22): require_once('C:\\xampp\\htdocs...')
#4 {main}
  thrown

2018-03-30T16:53:52+00:00 CRITICAL Uncaught Error: Call to undefined method WooCommerce::get_zone_name() in C:\xampp\htdocs\wordpress\wp-content\themes\supermax\functions.php:315
Stack trace:
#0 C:\xampp\htdocs\wordpress\wp-settings.php(424): include()
#1 C:\xampp\htdocs\wordpress\wp-config.php(89): require_once('C:\\xampp\\htdocs...')
#2 C:\xampp\htdocs\wordpress\wp-load.php(37): require_once('C:\\xampp\\htdocs...')
#3 C:\xampp\htdocs\wordpress\wp-admin\admin-ajax.php(22): require_once('C:\\xampp\\htdocs...')
#4 {main}
  thrown

2018-03-30T16:54:27+00:00 CRITICAL Uncaught Error: Call to undefined method WooCommerce::get_zone_name() in C:\xampp\htdocs\wordpress\wp-content\themes\supermax\functions.php:315
Stack trace:
#0 C:\xampp\htdocs\wordpress\wp-settings.php(424): include()
#1 C:\xampp\htdocs\wordpress\wp-config.php(89): require_once('C:\\xampp\\htdocs...')
#2 C:\xampp\htdocs\wordpress\wp-load.php(37): require_once('C:\\xampp\\htdocs...')
#3 C:\xampp\htdocs\wordpress\wp-admin\admin-ajax.php(22): require_once('C:\\xampp\\htdocs...')
#4 {main}
  thrown

2018-03-30T16:55:26+00:00 CRITICAL Uncaught Error: Call to a member function get_continent_code_for_country() on null in C:\xampp\htdocs\wordpress\wp-content\plugins\woocommerce\includes\data-stores\class-wc-shipping-zone-data-store.php:195
Stack trace:
#0 C:\xampp\htdocs\wordpress\wp-content\plugins\woocommerce\includes\class-wc-data-store.php(198): WC_Shipping_Zone_Data_Store->get_zone_id_from_package(NULL)
#1 C:\xampp\htdocs\wordpress\wp-content\plugins\woocommerce\includes\class-wc-shipping-zones.php(136): WC_Data_Store->__call('get_zone_id_fro...', Array)
#2 C:\xampp\htdocs\wordpress\wp-content\themes\supermax\functions.php(315): WC_Shipping_Zones::get_zone_matching_package(NULL)
#3 C:\xampp\htdocs\wordpress\wp-settings.php(424): include('C:\\xampp\\htdocs...')
#4 C:\xampp\htdocs\wordpress\wp-config.php(89): require_once('C:\\xampp\\htdocs...')
#5 C:\xampp\htdocs\wordpress\wp-load.php(37): require_once('C:\\xampp\\htdocs...')
#6 C:\xampp\htdocs\wordpress\wp-admin\admin-ajax.php(22): require_once('C:\\xampp\\htdocs...')
#7 {main}
  thrown

2018-03-30T16:55:28+00:00 CRITICAL Uncaught Error: Call to a member function get_continent_code_for_country() on null in C:\xampp\htdocs\wordpress\wp-content\plugins\woocommerce\includes\data-stores\class-wc-shipping-zone-data-store.php:195
Stack trace:
#0 C:\xampp\htdocs\wordpress\wp-content\plugins\woocommerce\includes\class-wc-data-store.php(198): WC_Shipping_Zone_Data_Store->get_zone_id_from_package(NULL)
#1 C:\xampp\htdocs\wordpress\wp-content\plugins\woocommerce\includes\class-wc-shipping-zones.php(136): WC_Data_Store->__call('get_zone_id_fro...', Array)
#2 C:\xampp\htdocs\wordpress\wp-content\themes\supermax\functions.php(315): WC_Shipping_Zones::get_zone_matching_package(NULL)
#3 C:\xampp\htdocs\wordpress\wp-settings.php(424): include('C:\\xampp\\htdocs...')
#4 C:\xampp\htdocs\wordpress\wp-config.php(89): require_once('C:\\xampp\\htdocs...')
#5 C:\xampp\htdocs\wordpress\wp-load.php(37): require_once('C:\\xampp\\htdocs...')
#6 C:\xampp\htdocs\wordpress\wp-admin\admin-ajax.php(22): require_once('C:\\xampp\\htdocs...')
#7 {main}
  thrown

2018-03-30T16:55:29+00:00 CRITICAL Uncaught Error: Call to a member function get_continent_code_for_country() on null in C:\xampp\htdocs\wordpress\wp-content\plugins\woocommerce\includes\data-stores\class-wc-shipping-zone-data-store.php:195
Stack trace:
#0 C:\xampp\htdocs\wordpress\wp-content\plugins\woocommerce\includes\class-wc-data-store.php(198): WC_Shipping_Zone_Data_Store->get_zone_id_from_package(NULL)
#1 C:\xampp\htdocs\wordpress\wp-content\plugins\woocommerce\includes\class-wc-shipping-zones.php(136): WC_Data_Store->__call('get_zone_id_fro...', Array)
#2 C:\xampp\htdocs\wordpress\wp-content\themes\supermax\functions.php(315): WC_Shipping_Zones::get_zone_matching_package(NULL)
#3 C:\xampp\htdocs\wordpress\wp-settings.php(424): include('C:\\xampp\\htdocs...')
#4 C:\xampp\htdocs\wordpress\wp-config.php(89): require_once('C:\\xampp\\htdocs...')
#5 C:\xampp\htdocs\wordpress\wp-load.php(37): require_once('C:\\xampp\\htdocs...')
#6 C:\xampp\htdocs\wordpress\wp-admin\admin-ajax.php(22): require_once('C:\\xampp\\htdocs...')
#7 {main}
  thrown

2018-03-30T16:55:29+00:00 CRITICAL Uncaught Error: Call to a member function get_continent_code_for_country() on null in C:\xampp\htdocs\wordpress\wp-content\plugins\woocommerce\includes\data-stores\class-wc-shipping-zone-data-store.php:195
Stack trace:
#0 C:\xampp\htdocs\wordpress\wp-content\plugins\woocommerce\includes\class-wc-data-store.php(198): WC_Shipping_Zone_Data_Store->get_zone_id_from_package(NULL)
#1 C:\xampp\htdocs\wordpress\wp-content\plugins\woocommerce\includes\class-wc-shipping-zones.php(136): WC_Data_Store->__call('get_zone_id_fro...', Array)
#2 C:\xampp\htdocs\wordpress\wp-content\themes\supermax\functions.php(315): WC_Shipping_Zones::get_zone_matching_package(NULL)
#3 C:\xampp\htdocs\wordpress\wp-settings.php(424): include('C:\\xampp\\htdocs...')
#4 C:\xampp\htdocs\wordpress\wp-config.php(89): require_once('C:\\xampp\\htdocs...')
#5 C:\xampp\htdocs\wordpress\wp-load.php(37): require_once('C:\\xampp\\htdocs...')
#6 C:\xampp\htdocs\wordpress\wp-admin\admin-ajax.php(22): require_once('C:\\xampp\\htdocs...')
#7 {main}
  thrown

2018-03-30T16:55:30+00:00 CRITICAL Uncaught Error: Call to a member function get_continent_code_for_country() on null in C:\xampp\htdocs\wordpress\wp-content\plugins\woocommerce\includes\data-stores\class-wc-shipping-zone-data-store.php:195
Stack trace:
#0 C:\xampp\htdocs\wordpress\wp-content\plugins\woocommerce\includes\class-wc-data-store.php(198): WC_Shipping_Zone_Data_Store->get_zone_id_from_package(NULL)
#1 C:\xampp\htdocs\wordpress\wp-content\plugins\woocommerce\includes\class-wc-shipping-zones.php(136): WC_Data_Store->__call('get_zone_id_fro...', Array)
#2 C:\xampp\htdocs\wordpress\wp-content\themes\supermax\functions.php(315): WC_Shipping_Zones::get_zone_matching_package(NULL)
#3 C:\xampp\htdocs\wordpress\wp-settings.php(424): include('C:\\xampp\\htdocs...')
#4 C:\xampp\htdocs\wordpress\wp-config.php(89): require_once('C:\\xampp\\htdocs...')
#5 C:\xampp\htdocs\wordpress\wp-load.php(37): require_once('C:\\xampp\\htdocs...')
#6 C:\xampp\htdocs\wordpress\wp-admin\admin-ajax.php(22): require_once('C:\\xampp\\htdocs...')
#7 {main}
  thrown

2018-03-30T16:55:31+00:00 CRITICAL Uncaught Error: Call to a member function get_continent_code_for_country() on null in C:\xampp\htdocs\wordpress\wp-content\plugins\woocommerce\includes\data-stores\class-wc-shipping-zone-data-store.php:195
Stack trace:
#0 C:\xampp\htdocs\wordpress\wp-content\plugins\woocommerce\includes\class-wc-data-store.php(198): WC_Shipping_Zone_Data_Store->get_zone_id_from_package(NULL)
#1 C:\xampp\htdocs\wordpress\wp-content\plugins\woocommerce\includes\class-wc-shipping-zones.php(136): WC_Data_Store->__call('get_zone_id_fro...', Array)
#2 C:\xampp\htdocs\wordpress\wp-content\themes\supermax\functions.php(315): WC_Shipping_Zones::get_zone_matching_package(NULL)
#3 C:\xampp\htdocs\wordpress\wp-settings.php(424): include('C:\\xampp\\htdocs...')
#4 C:\xampp\htdocs\wordpress\wp-config.php(89): require_once('C:\\xampp\\htdocs...')
#5 C:\xampp\htdocs\wordpress\wp-load.php(37): require_once('C:\\xampp\\htdocs...')
#6 C:\xampp\htdocs\wordpress\wp-blog-header.php(13): require_once('C:\\xampp\\htdocs...')
#7 C:\xampp\htdocs\wordp

2018-04-02T08:07:40+00:00 CRITICAL Maximum execution time of 120 seconds exceeded

2018-04-02T14:57:45+00:00 CRITICAL Maximum execution time of 120 seconds exceeded

2018-04-02T21:27:13+00:00 CRITICAL Uncaught Error: Call to a member function authenticate() on null in C:\xampp\htdocs\wordpress\wp-content\plugins\yith-woocommerce-social-login\includes\class-yith-social-login.php:163
Stack trace:
#0 C:\xampp\htdocs\wordpress\wp-includes\class-wp-hook.php(286): YITH_WC_Social_Login->get_login_request('')
#1 C:\xampp\htdocs\wordpress\wp-includes\class-wp-hook.php(310): WP_Hook->apply_filters(NULL, Array)
#2 C:\xampp\htdocs\wordpress\wp-includes\plugin.php(453): WP_Hook->do_action(Array)
#3 C:\xampp\htdocs\wordpress\wp-settings.php(450): do_action('init')
#4 C:\xampp\htdocs\wordpress\wp-config.php(89): require_once('C:\\xampp\\htdocs...')
#5 C:\xampp\htdocs\wordpress\wp-load.php(37): require_once('C:\\xampp\\htdocs...')
#6 C:\xampp\htdocs\wordpress\wp-login.php(12): require('C:\\xampp\\htdocs...')
#7 {main}
  thrown

2018-04-03T07:56:12+00:00 CRITICAL Uncaught Error: Call to undefined method WC_Shipping_Zones::get_zone_locations() in C:\xampp\htdocs\wordpress\wp-content\themes\supermax\session-manager.php:42
Stack trace:
#0 C:\xampp\htdocs\wordpress\wp-includes\class-wp-hook.php(286): add_loginout_link('<li id="menu-it...', Object(stdClass))
#1 C:\xampp\htdocs\wordpress\wp-includes\plugin.php(203): WP_Hook->apply_filters('<li id="menu-it...', Array)
#2 C:\xampp\htdocs\wordpress\wp-includes\nav-menu-template.php(220): apply_filters('wp_nav_menu_ite...', '<li id="menu-it...', Object(stdClass))
#3 C:\xampp\htdocs\wordpress\wp-content\themes\shop-isle\inc\structure\header.php(110): wp_nav_menu(Object(stdClass))
#4 C:\xampp\htdocs\wordpress\wp-includes\class-wp-hook.php(286): shop_isle_primary_navigation('')
#5 C:\xampp\htdocs\wordpress\wp-includes\class-wp-hook.php(310): WP_Hook->apply_filters(NULL, Array)
#6 C:\xampp\htdocs\wordpress\wp-includes\plugin.php(453): WP_Hook->do_action(Array)
#7 C:\xampp\htdocs\wordpress\wp-content\themes\shop-isle\header.php(49):

2018-04-03T07:57:01+00:00 CRITICAL Uncaught Error: Call to undefined method WC_Shipping_Zones::get_zone_locations() in C:\xampp\htdocs\wordpress\wp-content\themes\supermax\session-manager.php:10
Stack trace:
#0 C:\xampp\htdocs\wordpress\wp-includes\class-wp-hook.php(286): add_loginout_link('<li id="menu-it...', Object(stdClass))
#1 C:\xampp\htdocs\wordpress\wp-includes\plugin.php(203): WP_Hook->apply_filters('<li id="menu-it...', Array)
#2 C:\xampp\htdocs\wordpress\wp-includes\nav-menu-template.php(220): apply_filters('wp_nav_menu_ite...', '<li id="menu-it...', Object(stdClass))
#3 C:\xampp\htdocs\wordpress\wp-content\themes\shop-isle\inc\structure\header.php(110): wp_nav_menu(Object(stdClass))
#4 C:\xampp\htdocs\wordpress\wp-includes\class-wp-hook.php(286): shop_isle_primary_navigation('')
#5 C:\xampp\htdocs\wordpress\wp-includes\class-wp-hook.php(310): WP_Hook->apply_filters(NULL, Array)
#6 C:\xampp\htdocs\wordpress\wp-includes\plugin.php(453): WP_Hook->do_action(Array)
#7 C:\xampp\htdocs\wordpress\wp-content\themes\shop-isle\header.php(49):

2018-04-03T07:57:27+00:00 CRITICAL Uncaught Error: Call to undefined method WC_Shipping_Zones::get_zone_locations() in C:\xampp\htdocs\wordpress\wp-content\themes\supermax\session-manager.php:42
Stack trace:
#0 C:\xampp\htdocs\wordpress\wp-includes\class-wp-hook.php(286): add_loginout_link('<li id="menu-it...', Object(stdClass))
#1 C:\xampp\htdocs\wordpress\wp-includes\plugin.php(203): WP_Hook->apply_filters('<li id="menu-it...', Array)
#2 C:\xampp\htdocs\wordpress\wp-includes\nav-menu-template.php(220): apply_filters('wp_nav_menu_ite...', '<li id="menu-it...', Object(stdClass))
#3 C:\xampp\htdocs\wordpress\wp-content\themes\shop-isle\inc\structure\header.php(110): wp_nav_menu(Object(stdClass))
#4 C:\xampp\htdocs\wordpress\wp-includes\class-wp-hook.php(286): shop_isle_primary_navigation('')
#5 C:\xampp\htdocs\wordpress\wp-includes\class-wp-hook.php(310): WP_Hook->apply_filters(NULL, Array)
#6 C:\xampp\htdocs\wordpress\wp-includes\plugin.php(453): WP_Hook->do_action(Array)
#7 C:\xampp\htdocs\wordpress\wp-content\themes\shop-isle\header.php(49):

2018-04-03T07:57:38+00:00 CRITICAL Uncaught Error: Call to undefined method WC_Shipping_Zones::get_zone_locations() in C:\xampp\htdocs\wordpress\wp-content\themes\supermax\session-manager.php:42
Stack trace:
#0 C:\xampp\htdocs\wordpress\wp-includes\class-wp-hook.php(286): add_loginout_link('<li id="menu-it...', Object(stdClass))
#1 C:\xampp\htdocs\wordpress\wp-includes\plugin.php(203): WP_Hook->apply_filters('<li id="menu-it...', Array)
#2 C:\xampp\htdocs\wordpress\wp-includes\nav-menu-template.php(220): apply_filters('wp_nav_menu_ite...', '<li id="menu-it...', Object(stdClass))
#3 C:\xampp\htdocs\wordpress\wp-content\themes\shop-isle\inc\structure\header.php(110): wp_nav_menu(Object(stdClass))
#4 C:\xampp\htdocs\wordpress\wp-includes\class-wp-hook.php(286): shop_isle_primary_navigation('')
#5 C:\xampp\htdocs\wordpress\wp-includes\class-wp-hook.php(310): WP_Hook->apply_filters(NULL, Array)
#6 C:\xampp\htdocs\wordpress\wp-includes\plugin.php(453): WP_Hook->do_action(Array)
#7 C:\xampp\htdocs\wordpress\wp-content\themes\shop-isle\header.php(49):

2018-04-03T07:57:49+00:00 CRITICAL Uncaught Error: Call to undefined method WC_Shipping_Zones::get_zone_locations() in C:\xampp\htdocs\wordpress\wp-content\themes\supermax\session-manager.php:42
Stack trace:
#0 C:\xampp\htdocs\wordpress\wp-includes\class-wp-hook.php(286): add_loginout_link('<li id="menu-it...', Object(stdClass))
#1 C:\xampp\htdocs\wordpress\wp-includes\plugin.php(203): WP_Hook->apply_filters('<li id="menu-it...', Array)
#2 C:\xampp\htdocs\wordpress\wp-includes\nav-menu-template.php(220): apply_filters('wp_nav_menu_ite...', '<li id="menu-it...', Object(stdClass))
#3 C:\xampp\htdocs\wordpress\wp-content\themes\shop-isle\inc\structure\header.php(110): wp_nav_menu(Object(stdClass))
#4 C:\xampp\htdocs\wordpress\wp-includes\class-wp-hook.php(286): shop_isle_primary_navigation('')
#5 C:\xampp\htdocs\wordpress\wp-includes\class-wp-hook.php(310): WP_Hook->apply_filters(NULL, Array)
#6 C:\xampp\htdocs\wordpress\wp-includes\plugin.php(453): WP_Hook->do_action(Array)
#7 C:\xampp\htdocs\wordpress\wp-content\themes\shop-isle\header.php(49):

2018-04-03T07:58:03+00:00 CRITICAL Uncaught Error: Call to undefined method WC_Shipping_Zones::get_zone_locations() in C:\xampp\htdocs\wordpress\wp-content\themes\supermax\session-manager.php:42
Stack trace:
#0 C:\xampp\htdocs\wordpress\wp-includes\class-wp-hook.php(286): add_loginout_link('<li id="menu-it...', Object(stdClass))
#1 C:\xampp\htdocs\wordpress\wp-includes\plugin.php(203): WP_Hook->apply_filters('<li id="menu-it...', Array)
#2 C:\xampp\htdocs\wordpress\wp-includes\nav-menu-template.php(220): apply_filters('wp_nav_menu_ite...', '<li id="menu-it...', Object(stdClass))
#3 C:\xampp\htdocs\wordpress\wp-content\themes\shop-isle\inc\structure\header.php(110): wp_nav_menu(Object(stdClass))
#4 C:\xampp\htdocs\wordpress\wp-includes\class-wp-hook.php(286): shop_isle_primary_navigation('')
#5 C:\xampp\htdocs\wordpress\wp-includes\class-wp-hook.php(310): WP_Hook->apply_filters(NULL, Array)
#6 C:\xampp\htdocs\wordpress\wp-includes\plugin.php(453): WP_Hook->do_action(Array)
#7 C:\xampp\htdocs\wordpress\wp-content\themes\shop-isle\header.php(49):

2018-04-03T08:02:42+00:00 CRITICAL Uncaught Error: Call to a member function get_results() on null in C:\xampp\htdocs\wordpress\wp-content\themes\supermax\session-manager.php:42
Stack trace:
#0 C:\xampp\htdocs\wordpress\wp-includes\class-wp-hook.php(286): add_loginout_link('<li id="menu-it...', Object(stdClass))
#1 C:\xampp\htdocs\wordpress\wp-includes\plugin.php(203): WP_Hook->apply_filters('<li id="menu-it...', Array)
#2 C:\xampp\htdocs\wordpress\wp-includes\nav-menu-template.php(220): apply_filters('wp_nav_menu_ite...', '<li id="menu-it...', Object(stdClass))
#3 C:\xampp\htdocs\wordpress\wp-content\themes\shop-isle\inc\structure\header.php(110): wp_nav_menu(Object(stdClass))
#4 C:\xampp\htdocs\wordpress\wp-includes\class-wp-hook.php(286): shop_isle_primary_navigation('')
#5 C:\xampp\htdocs\wordpress\wp-includes\class-wp-hook.php(310): WP_Hook->apply_filters(NULL, Array)
#6 C:\xampp\htdocs\wordpress\wp-includes\plugin.php(453): WP_Hook->do_action(Array)
#7 C:\xampp\htdocs\wordpress\wp-content\themes\shop-isle\header.php(49): do_action('shop_

2018-04-03T08:03:03+00:00 CRITICAL Uncaught Error: Call to a member function get_results() on null in C:\xampp\htdocs\wordpress\wp-content\themes\supermax\session-manager.php:42
Stack trace:
#0 C:\xampp\htdocs\wordpress\wp-includes\class-wp-hook.php(286): add_loginout_link('<li id="menu-it...', Object(stdClass))
#1 C:\xampp\htdocs\wordpress\wp-includes\plugin.php(203): WP_Hook->apply_filters('<li id="menu-it...', Array)
#2 C:\xampp\htdocs\wordpress\wp-includes\nav-menu-template.php(220): apply_filters('wp_nav_menu_ite...', '<li id="menu-it...', Object(stdClass))
#3 C:\xampp\htdocs\wordpress\wp-content\themes\shop-isle\inc\structure\header.php(110): wp_nav_menu(Object(stdClass))
#4 C:\xampp\htdocs\wordpress\wp-includes\class-wp-hook.php(286): shop_isle_primary_navigation('')
#5 C:\xampp\htdocs\wordpress\wp-includes\class-wp-hook.php(310): WP_Hook->apply_filters(NULL, Array)
#6 C:\xampp\htdocs\wordpress\wp-includes\plugin.php(453): WP_Hook->do_action(Array)
#7 C:\xampp\htdocs\wordpress\wp-content\themes\shop-isle\header.php(49): do_action('shop_

2018-04-03T08:11:05+00:00 CRITICAL Uncaught Error: Cannot use object of type stdClass as array in C:\xampp\htdocs\wordpress\wp-content\themes\supermax\session-manager.php:49
Stack trace:
#0 C:\xampp\htdocs\wordpress\wp-includes\class-wp-hook.php(286): add_loginout_link('<li id="menu-it...', Object(stdClass))
#1 C:\xampp\htdocs\wordpress\wp-includes\plugin.php(203): WP_Hook->apply_filters('<li id="menu-it...', Array)
#2 C:\xampp\htdocs\wordpress\wp-includes\nav-menu-template.php(220): apply_filters('wp_nav_menu_ite...', '<li id="menu-it...', Object(stdClass))
#3 C:\xampp\htdocs\wordpress\wp-content\themes\shop-isle\inc\structure\header.php(110): wp_nav_menu(Object(stdClass))
#4 C:\xampp\htdocs\wordpress\wp-includes\class-wp-hook.php(286): shop_isle_primary_navigation('')
#5 C:\xampp\htdocs\wordpress\wp-includes\class-wp-hook.php(310): WP_Hook->apply_filters(NULL, Array)
#6 C:\xampp\htdocs\wordpress\wp-includes\plugin.php(453): WP_Hook->do_action(Array)
#7 C:\xampp\htdocs\wordpress\wp-content\themes\shop-isle\header.php(49): do_action('shop_isle

2018-04-03T08:11:25+00:00 CRITICAL Uncaught Error: Cannot use object of type stdClass as array in C:\xampp\htdocs\wordpress\wp-content\themes\supermax\session-manager.php:49
Stack trace:
#0 C:\xampp\htdocs\wordpress\wp-includes\class-wp-hook.php(286): add_loginout_link('<li id="menu-it...', Object(stdClass))
#1 C:\xampp\htdocs\wordpress\wp-includes\plugin.php(203): WP_Hook->apply_filters('<li id="menu-it...', Array)
#2 C:\xampp\htdocs\wordpress\wp-includes\nav-menu-template.php(220): apply_filters('wp_nav_menu_ite...', '<li id="menu-it...', Object(stdClass))
#3 C:\xampp\htdocs\wordpress\wp-content\themes\shop-isle\inc\structure\header.php(110): wp_nav_menu(Object(stdClass))
#4 C:\xampp\htdocs\wordpress\wp-includes\class-wp-hook.php(286): shop_isle_primary_navigation('')
#5 C:\xampp\htdocs\wordpress\wp-includes\class-wp-hook.php(310): WP_Hook->apply_filters(NULL, Array)
#6 C:\xampp\htdocs\wordpress\wp-includes\plugin.php(453): WP_Hook->do_action(Array)
#7 C:\xampp\htdocs\wordpress\wp-content\themes\shop-isle\header.php(49): do_action('shop_isle

2018-04-03T08:11:40+00:00 CRITICAL Uncaught Error: Cannot use object of type stdClass as array in C:\xampp\htdocs\wordpress\wp-content\themes\supermax\session-manager.php:49
Stack trace:
#0 C:\xampp\htdocs\wordpress\wp-includes\class-wp-hook.php(286): add_loginout_link('<li id="menu-it...', Object(stdClass))
#1 C:\xampp\htdocs\wordpress\wp-includes\plugin.php(203): WP_Hook->apply_filters('<li id="menu-it...', Array)
#2 C:\xampp\htdocs\wordpress\wp-includes\nav-menu-template.php(220): apply_filters('wp_nav_menu_ite...', '<li id="menu-it...', Object(stdClass))
#3 C:\xampp\htdocs\wordpress\wp-content\themes\shop-isle\inc\structure\header.php(110): wp_nav_menu(Object(stdClass))
#4 C:\xampp\htdocs\wordpress\wp-includes\class-wp-hook.php(286): shop_isle_primary_navigation('')
#5 C:\xampp\htdocs\wordpress\wp-includes\class-wp-hook.php(310): WP_Hook->apply_filters(NULL, Array)
#6 C:\xampp\htdocs\wordpress\wp-includes\plugin.php(453): WP_Hook->do_action(Array)
#7 C:\xampp\htdocs\wordpress\wp-content\themes\shop-isle\header.php(49): do_action('shop_isle

2018-04-03T08:14:30+00:00 CRITICAL Uncaught Error: Cannot use object of type stdClass as array in C:\xampp\htdocs\wordpress\wp-content\themes\supermax\session-manager.php:50
Stack trace:
#0 C:\xampp\htdocs\wordpress\wp-includes\class-wp-hook.php(286): add_loginout_link('<li id="menu-it...', Object(stdClass))
#1 C:\xampp\htdocs\wordpress\wp-includes\plugin.php(203): WP_Hook->apply_filters('<li id="menu-it...', Array)
#2 C:\xampp\htdocs\wordpress\wp-includes\nav-menu-template.php(220): apply_filters('wp_nav_menu_ite...', '<li id="menu-it...', Object(stdClass))
#3 C:\xampp\htdocs\wordpress\wp-content\themes\shop-isle\inc\structure\header.php(110): wp_nav_menu(Object(stdClass))
#4 C:\xampp\htdocs\wordpress\wp-includes\class-wp-hook.php(286): shop_isle_primary_navigation('')
#5 C:\xampp\htdocs\wordpress\wp-includes\class-wp-hook.php(310): WP_Hook->apply_filters(NULL, Array)
#6 C:\xampp\htdocs\wordpress\wp-includes\plugin.php(453): WP_Hook->do_action(Array)
#7 C:\xampp\htdocs\wordpress\wp-content\themes\shop-isle\header.php(49): do_action('shop_isle

2018-04-03T08:14:45+00:00 CRITICAL Uncaught Error: Cannot use object of type stdClass as array in C:\xampp\htdocs\wordpress\wp-content\themes\supermax\session-manager.php:50
Stack trace:
#0 C:\xampp\htdocs\wordpress\wp-includes\class-wp-hook.php(286): add_loginout_link('<li id="menu-it...', Object(stdClass))
#1 C:\xampp\htdocs\wordpress\wp-includes\plugin.php(203): WP_Hook->apply_filters('<li id="menu-it...', Array)
#2 C:\xampp\htdocs\wordpress\wp-includes\nav-menu-template.php(220): apply_filters('wp_nav_menu_ite...', '<li id="menu-it...', Object(stdClass))
#3 C:\xampp\htdocs\wordpress\wp-content\themes\shop-isle\inc\structure\header.php(110): wp_nav_menu(Object(stdClass))
#4 C:\xampp\htdocs\wordpress\wp-includes\class-wp-hook.php(286): shop_isle_primary_navigation('')
#5 C:\xampp\htdocs\wordpress\wp-includes\class-wp-hook.php(310): WP_Hook->apply_filters(NULL, Array)
#6 C:\xampp\htdocs\wordpress\wp-includes\plugin.php(453): WP_Hook->do_action(Array)
#7 C:\xampp\htdocs\wordpress\wp-content\themes\shop-isle\header.php(49): do_action('shop_isle

2018-04-03T10:07:44+00:00 CRITICAL Uncaught Error: Call to undefined function select() in C:\xampp\htdocs\wordpress\wp-content\themes\supermax\woocommerce\cart\cart-shipping.php:44
Stack trace:
#0 C:\xampp\htdocs\wordpress\wp-content\plugins\woocommerce\includes\wc-core-functions.php(211): include()
#1 C:\xampp\htdocs\wordpress\wp-content\plugins\woocommerce\includes\wc-cart-functions.php(229): wc_get_template('cart/cart-shipp...', Array)
#2 C:\xampp\htdocs\wordpress\wp-content\plugins\woocommerce\templates\cart\cart-totals.php(48): wc_cart_totals_shipping_html()
#3 C:\xampp\htdocs\wordpress\wp-content\plugins\woocommerce\includes\wc-core-functions.php(211): include('C:\\xampp\\htdocs...')
#4 C:\xampp\htdocs\wordpress\wp-content\plugins\woocommerce\includes\wc-template-functions.php(1578): wc_get_template('cart/cart-total...')
#5 C:\xampp\htdocs\wordpress\wp-includes\class-wp-hook.php(286): woocommerce_cart_totals('')
#6 C:\xampp\htdocs\wordpress\wp-includes\class-wp-hook.php(310): WP_Hook->apply_filters(NULL, Array)
#7 C:\xampp\htdocs\wordpre

2018-04-03T13:15:54+00:00 CRITICAL Maximum execution time of 120 seconds exceeded

2018-04-03T14:03:26+00:00 CRITICAL Uncaught Error: Call to undefined function d_shortcode() in C:\xampp\htdocs\wordpress\wp-content\themes\shop-isle\inc\sections\shop_isle_banners_section.php:99
Stack trace:
#0 C:\xampp\htdocs\wordpress\wp-content\themes\supermax\front-page.php(39): require_once()
#1 C:\xampp\htdocs\wordpress\wp-includes\template-loader.php(74): include('C:\\xampp\\htdocs...')
#2 C:\xampp\htdocs\wordpress\wp-blog-header.php(19): require_once('C:\\xampp\\htdocs...')
#3 C:\xampp\htdocs\wordpress\index.php(17): require('C:\\xampp\\htdocs...')
#4 {main}
  thrown

2018-04-03T14:03:44+00:00 CRITICAL Uncaught Error: Call to undefined method WC_Product_Simple::is_product_category() in C:\xampp\htdocs\wordpress\wp-content\themes\supermax\functions.php:213
Stack trace:
#0 C:\xampp\htdocs\wordpress\wp-includes\shortcodes.php(319): ofertas_mensuales('', Object(WC_Product_Simple), 'ofertas_mensual...')
#1 [internal function]: do_shortcode_tag(Array)
#2 C:\xampp\htdocs\wordpress\wp-includes\shortcodes.php(197): preg_replace_callback('/\\[(\\[?)(oferta...', 'do_shortcode_ta...', '[ofertas_mensua...')
#3 C:\xampp\htdocs\wordpress\wp-content\themes\shop-isle\inc\sections\shop_isle_banners_section.php(99): do_shortcode('[ofertas_mensua...')
#4 C:\xampp\htdocs\wordpress\wp-content\themes\supermax\front-page.php(39): require_once('C:\\xampp\\htdocs...')
#5 C:\xampp\htdocs\wordpress\wp-includes\template-loader.php(74): include('C:\\xampp\\htdocs...')
#6 C:\xampp\htdocs\wordpress\wp-blog-header.php(19): require_once('C:\\xampp\\htdocs...')
#7 C:\xampp\htdocs\wordpress\index.php(17): require('C:\\xampp\\htdocs...')
#8 {m

2018-04-03T14:03:59+00:00 CRITICAL Uncaught Error: Call to undefined method WC_Product_Simple::is_product_category() in C:\xampp\htdocs\wordpress\wp-content\themes\supermax\functions.php:213
Stack trace:
#0 C:\xampp\htdocs\wordpress\wp-includes\shortcodes.php(319): ofertas_mensuales('', Object(WC_Product_Simple), 'ofertas_mensual...')
#1 [internal function]: do_shortcode_tag(Array)
#2 C:\xampp\htdocs\wordpress\wp-includes\shortcodes.php(197): preg_replace_callback('/\\[(\\[?)(oferta...', 'do_shortcode_ta...', '[ofertas_mensua...')
#3 C:\xampp\htdocs\wordpress\wp-content\themes\shop-isle\inc\sections\shop_isle_banners_section.php(99): do_shortcode('[ofertas_mensua...')
#4 C:\xampp\htdocs\wordpress\wp-content\themes\supermax\front-page.php(39): require_once('C:\\xampp\\htdocs...')
#5 C:\xampp\htdocs\wordpress\wp-includes\template-loader.php(74): include('C:\\xampp\\htdocs...')
#6 C:\xampp\htdocs\wordpress\wp-blog-header.php(19): require_once('C:\\xampp\\htdocs...')
#7 C:\xampp\htdocs\wordpress\index.php(17): require('C:\\xampp\\htdocs...')
#8 {m

2018-04-03T15:52:08+00:00 CRITICAL Uncaught Error: Cannot use object of type WP_Term as array in C:\xampp\htdocs\wordpress\wp-content\themes\supermax\functions.php:221
Stack trace:
#0 C:\xampp\htdocs\wordpress\wp-includes\shortcodes.php(319): ofertas(Array, '', 'ofertas')
#1 [internal function]: do_shortcode_tag(Array)
#2 C:\xampp\htdocs\wordpress\wp-includes\shortcodes.php(197): preg_replace_callback('/\\[(\\[?)(oferta...', 'do_shortcode_ta...', '[ofertas catego...')
#3 C:\xampp\htdocs\wordpress\wp-content\themes\supermax\front-page.php(40): do_shortcode('[ofertas catego...')
#4 C:\xampp\htdocs\wordpress\wp-includes\template-loader.php(74): include('C:\\xampp\\htdocs...')
#5 C:\xampp\htdocs\wordpress\wp-blog-header.php(19): require_once('C:\\xampp\\htdocs...')
#6 C:\xampp\htdocs\wordpress\index.php(17): require('C:\\xampp\\htdocs...')
#7 {main}
  thrown

2018-04-03T15:52:39+00:00 CRITICAL Uncaught Error: Cannot use object of type WP_Term as array in C:\xampp\htdocs\wordpress\wp-content\themes\supermax\functions.php:221
Stack trace:
#0 C:\xampp\htdocs\wordpress\wp-includes\shortcodes.php(319): ofertas(Array, '', 'ofertas')
#1 [internal function]: do_shortcode_tag(Array)
#2 C:\xampp\htdocs\wordpress\wp-includes\shortcodes.php(197): preg_replace_callback('/\\[(\\[?)(oferta...', 'do_shortcode_ta...', '[ofertas catego...')
#3 C:\xampp\htdocs\wordpress\wp-content\themes\supermax\front-page.php(40): do_shortcode('[ofertas catego...')
#4 C:\xampp\htdocs\wordpress\wp-includes\template-loader.php(74): include('C:\\xampp\\htdocs...')
#5 C:\xampp\htdocs\wordpress\wp-blog-header.php(19): require_once('C:\\xampp\\htdocs...')
#6 C:\xampp\htdocs\wordpress\index.php(17): require('C:\\xampp\\htdocs...')
#7 {main}
  thrown

2018-04-03T16:04:24+00:00 CRITICAL Uncaught Error: Cannot use object of type WP_Term as array in C:\xampp\htdocs\wordpress\wp-content\themes\supermax\functions.php:224
Stack trace:
#0 C:\xampp\htdocs\wordpress\wp-includes\shortcodes.php(319): ofertas(Array, '', 'ofertas')
#1 [internal function]: do_shortcode_tag(Array)
#2 C:\xampp\htdocs\wordpress\wp-includes\shortcodes.php(197): preg_replace_callback('/\\[(\\[?)(oferta...', 'do_shortcode_ta...', '[ofertas catego...')
#3 C:\xampp\htdocs\wordpress\wp-content\themes\supermax\front-page.php(40): do_shortcode('[ofertas catego...')
#4 C:\xampp\htdocs\wordpress\wp-includes\template-loader.php(74): include('C:\\xampp\\htdocs...')
#5 C:\xampp\htdocs\wordpress\wp-blog-header.php(19): require_once('C:\\xampp\\htdocs...')
#6 C:\xampp\htdocs\wordpress\index.php(17): require('C:\\xampp\\htdocs...')
#7 {main}
  thrown

2018-04-04T15:29:50+00:00 CRITICAL Uncaught Error: Call to a member function have_posts() on null in C:\xampp\htdocs\wordpress\wp-content\themes\supermax\inc\sections\shop_isle_big_title_section.php:66
Stack trace:
#0 C:\xampp\htdocs\wordpress\wp-includes\template.php(688): require_once()
#1 C:\xampp\htdocs\wordpress\wp-content\themes\supermax\front-page.php(13): load_template('C:\\xampp\\htdocs...')
#2 C:\xampp\htdocs\wordpress\wp-includes\template-loader.php(74): include('C:\\xampp\\htdocs...')
#3 C:\xampp\htdocs\wordpress\wp-blog-header.php(19): require_once('C:\\xampp\\htdocs...')
#4 C:\xampp\htdocs\wordpress\index.php(17): require('C:\\xampp\\htdocs...')
#5 {main}
  thrown

2018-04-04T18:07:32+00:00 CRITICAL Uncaught Error: Call to a member function is_on_sale() on null in C:\xampp\htdocs\wordpress\wp-content\themes\supermax\functions.php:204
Stack trace:
#0 C:\xampp\htdocs\wordpress\wp-settings.php(424): include()
#1 C:\xampp\htdocs\wordpress\wp-config.php(89): require_once('C:\\xampp\\htdocs...')
#2 C:\xampp\htdocs\wordpress\wp-load.php(37): require_once('C:\\xampp\\htdocs...')
#3 C:\xampp\htdocs\wordpress\wp-blog-header.php(13): require_once('C:\\xampp\\htdocs...')
#4 C:\xampp\htdocs\wordpress\index.php(17): require('C:\\xampp\\htdocs...')
#5 {main}
  thrown

2018-04-04T21:34:15+00:00 CRITICAL Maximum execution time of 120 seconds exceeded

2018-04-05T08:53:14+00:00 CRITICAL Uncaught Error: Call to undefined function vardump() in C:\xampp\htdocs\wordpress\wp-content\themes\supermax\session-manager.php:28
Stack trace:
#0 C:\xampp\htdocs\wordpress\wp-includes\class-wp-hook.php(286): add_loginout_link('<li id="menu-it...', Object(stdClass))
#1 C:\xampp\htdocs\wordpress\wp-includes\plugin.php(203): WP_Hook->apply_filters('<li id="menu-it...', Array)
#2 C:\xampp\htdocs\wordpress\wp-includes\nav-menu-template.php(220): apply_filters('wp_nav_menu_ite...', '<li id="menu-it...', Object(stdClass))
#3 C:\xampp\htdocs\wordpress\wp-content\themes\shop-isle\inc\structure\header.php(110): wp_nav_menu(Object(stdClass))
#4 C:\xampp\htdocs\wordpress\wp-includes\class-wp-hook.php(286): shop_isle_primary_navigation('')
#5 C:\xampp\htdocs\wordpress\wp-includes\class-wp-hook.php(310): WP_Hook->apply_filters(NULL, Array)
#6 C:\xampp\htdocs\wordpress\wp-includes\plugin.php(453): WP_Hook->do_action(Array)
#7 C:\xampp\htdocs\wordpress\wp-content\themes\shop-isle\header.php(49): do_action('shop_isle_heade.

2018-04-05T08:53:44+00:00 CRITICAL Uncaught Error: Call to undefined function vardump() in C:\xampp\htdocs\wordpress\wp-content\themes\supermax\session-manager.php:28
Stack trace:
#0 C:\xampp\htdocs\wordpress\wp-includes\class-wp-hook.php(286): add_loginout_link('<li id="menu-it...', Object(stdClass))
#1 C:\xampp\htdocs\wordpress\wp-includes\plugin.php(203): WP_Hook->apply_filters('<li id="menu-it...', Array)
#2 C:\xampp\htdocs\wordpress\wp-includes\nav-menu-template.php(220): apply_filters('wp_nav_menu_ite...', '<li id="menu-it...', Object(stdClass))
#3 C:\xampp\htdocs\wordpress\wp-content\themes\shop-isle\inc\structure\header.php(110): wp_nav_menu(Object(stdClass))
#4 C:\xampp\htdocs\wordpress\wp-includes\class-wp-hook.php(286): shop_isle_primary_navigation('')
#5 C:\xampp\htdocs\wordpress\wp-includes\class-wp-hook.php(310): WP_Hook->apply_filters(NULL, Array)
#6 C:\xampp\htdocs\wordpress\wp-includes\plugin.php(453): WP_Hook->do_action(Array)
#7 C:\xampp\htdocs\wordpress\wp-content\themes\shop-isle\header.php(49): do_action('shop_isle_heade.

2018-04-05T18:24:10+00:00 CRITICAL Maximum execution time of 120 seconds exceeded

2018-04-05T18:24:16+00:00 CRITICAL Maximum execution time of 120 seconds exceeded

2018-04-06T10:19:36+00:00 CRITICAL Uncaught Error: Using $this when not in object context in C:\xampp\htdocs\wordpress\wp-content\themes\shop-isle\inc\woocommerce\functions.php:709
Stack trace:
#0 C:\xampp\htdocs\wordpress\wp-content\themes\shop-isle\inc\init.php(86): require()
#1 C:\xampp\htdocs\wordpress\wp-content\themes\shop-isle\functions.php(12): require('C:\\xampp\\htdocs...')
#2 C:\xampp\htdocs\wordpress\wp-settings.php(426): include('C:\\xampp\\htdocs...')
#3 C:\xampp\htdocs\wordpress\wp-config.php(89): require_once('C:\\xampp\\htdocs...')
#4 C:\xampp\htdocs\wordpress\wp-load.php(37): require_once('C:\\xampp\\htdocs...')
#5 C:\xampp\htdocs\wordpress\wp-blog-header.php(13): require_once('C:\\xampp\\htdocs...')
#6 C:\xampp\htdocs\wordpress\index.php(17): require('C:\\xampp\\htdocs...')
#7 {main}
  thrown

2018-04-06T10:21:01+00:00 CRITICAL Uncaught Error: Using $this when not in object context in C:\xampp\htdocs\wordpress\wp-content\themes\supermax\functions.php:218
Stack trace:
#0 C:\xampp\htdocs\wordpress\wp-settings.php(424): include()
#1 C:\xampp\htdocs\wordpress\wp-config.php(89): require_once('C:\\xampp\\htdocs...')
#2 C:\xampp\htdocs\wordpress\wp-load.php(37): require_once('C:\\xampp\\htdocs...')
#3 C:\xampp\htdocs\wordpress\wp-blog-header.php(13): require_once('C:\\xampp\\htdocs...')
#4 C:\xampp\htdocs\wordpress\index.php(17): require('C:\\xampp\\htdocs...')
#5 {main}
  thrown

2018-04-06T10:21:55+00:00 CRITICAL Uncaught Error: Using $this when not in object context in C:\xampp\htdocs\wordpress\wp-content\themes\shop-isle\inc\woocommerce\functions.php:709
Stack trace:
#0 C:\xampp\htdocs\wordpress\wp-content\themes\shop-isle\inc\init.php(86): require()
#1 C:\xampp\htdocs\wordpress\wp-content\themes\shop-isle\functions.php(12): require('C:\\xampp\\htdocs...')
#2 C:\xampp\htdocs\wordpress\wp-settings.php(426): include('C:\\xampp\\htdocs...')
#3 C:\xampp\htdocs\wordpress\wp-config.php(89): require_once('C:\\xampp\\htdocs...')
#4 C:\xampp\htdocs\wordpress\wp-load.php(37): require_once('C:\\xampp\\htdocs...')
#5 C:\xampp\htdocs\wordpress\wp-blog-header.php(13): require_once('C:\\xampp\\htdocs...')
#6 C:\xampp\htdocs\wordpress\index.php(17): require('C:\\xampp\\htdocs...')
#7 {main}
  thrown

2018-04-06T10:22:07+00:00 CRITICAL Uncaught Error: Using $this when not in object context in C:\xampp\htdocs\wordpress\wp-content\themes\shop-isle\inc\woocommerce\functions.php:709
Stack trace:
#0 C:\xampp\htdocs\wordpress\wp-content\themes\shop-isle\inc\init.php(86): require()
#1 C:\xampp\htdocs\wordpress\wp-content\themes\shop-isle\functions.php(12): require('C:\\xampp\\htdocs...')
#2 C:\xampp\htdocs\wordpress\wp-settings.php(426): include('C:\\xampp\\htdocs...')
#3 C:\xampp\htdocs\wordpress\wp-config.php(89): require_once('C:\\xampp\\htdocs...')
#4 C:\xampp\htdocs\wordpress\wp-load.php(37): require_once('C:\\xampp\\htdocs...')
#5 C:\xampp\htdocs\wordpress\wp-blog-header.php(13): require_once('C:\\xampp\\htdocs...')
#6 C:\xampp\htdocs\wordpress\index.php(17): require('C:\\xampp\\htdocs...')
#7 {main}
  thrown

2018-04-06T10:23:18+00:00 CRITICAL Uncaught Error: Using $this when not in object context in C:\xampp\htdocs\wordpress\wp-content\themes\shop-isle\inc\woocommerce\functions.php:709
Stack trace:
#0 C:\xampp\htdocs\wordpress\wp-content\themes\shop-isle\inc\init.php(86): require()
#1 C:\xampp\htdocs\wordpress\wp-content\themes\shop-isle\functions.php(12): require('C:\\xampp\\htdocs...')
#2 C:\xampp\htdocs\wordpress\wp-settings.php(426): include('C:\\xampp\\htdocs...')
#3 C:\xampp\htdocs\wordpress\wp-config.php(89): require_once('C:\\xampp\\htdocs...')
#4 C:\xampp\htdocs\wordpress\wp-load.php(37): require_once('C:\\xampp\\htdocs...')
#5 C:\xampp\htdocs\wordpress\wp-blog-header.php(13): require_once('C:\\xampp\\htdocs...')
#6 C:\xampp\htdocs\wordpress\index.php(17): require('C:\\xampp\\htdocs...')
#7 {main}
  thrown

2018-04-06T10:23:32+00:00 CRITICAL Uncaught Error: Using $this when not in object context in C:\xampp\htdocs\wordpress\wp-content\themes\shop-isle\inc\woocommerce\functions.php:709
Stack trace:
#0 C:\xampp\htdocs\wordpress\wp-content\themes\shop-isle\inc\init.php(86): require()
#1 C:\xampp\htdocs\wordpress\wp-content\themes\shop-isle\functions.php(12): require('C:\\xampp\\htdocs...')
#2 C:\xampp\htdocs\wordpress\wp-settings.php(426): include('C:\\xampp\\htdocs...')
#3 C:\xampp\htdocs\wordpress\wp-config.php(89): require_once('C:\\xampp\\htdocs...')
#4 C:\xampp\htdocs\wordpress\wp-load.php(37): require_once('C:\\xampp\\htdocs...')
#5 C:\xampp\htdocs\wordpress\wp-blog-header.php(13): require_once('C:\\xampp\\htdocs...')
#6 C:\xampp\htdocs\wordpress\index.php(17): require('C:\\xampp\\htdocs...')
#7 {main}
  thrown

2018-04-06T10:23:44+00:00 CRITICAL Uncaught Error: Using $this when not in object context in C:\xampp\htdocs\wordpress\wp-content\themes\shop-isle\inc\woocommerce\functions.php:709
Stack trace:
#0 C:\xampp\htdocs\wordpress\wp-content\themes\shop-isle\inc\init.php(86): require()
#1 C:\xampp\htdocs\wordpress\wp-content\themes\shop-isle\functions.php(12): require('C:\\xampp\\htdocs...')
#2 C:\xampp\htdocs\wordpress\wp-settings.php(426): include('C:\\xampp\\htdocs...')
#3 C:\xampp\htdocs\wordpress\wp-config.php(89): require_once('C:\\xampp\\htdocs...')
#4 C:\xampp\htdocs\wordpress\wp-load.php(37): require_once('C:\\xampp\\htdocs...')
#5 C:\xampp\htdocs\wordpress\wp-blog-header.php(13): require_once('C:\\xampp\\htdocs...')
#6 C:\xampp\htdocs\wordpress\index.php(17): require('C:\\xampp\\htdocs...')
#7 {main}
  thrown

2018-04-06T10:23:58+00:00 CRITICAL Uncaught Error: Using $this when not in object context in C:\xampp\htdocs\wordpress\wp-content\themes\shop-isle\inc\woocommerce\functions.php:709
Stack trace:
#0 C:\xampp\htdocs\wordpress\wp-content\themes\shop-isle\inc\init.php(86): require()
#1 C:\xampp\htdocs\wordpress\wp-content\themes\shop-isle\functions.php(12): require('C:\\xampp\\htdocs...')
#2 C:\xampp\htdocs\wordpress\wp-settings.php(426): include('C:\\xampp\\htdocs...')
#3 C:\xampp\htdocs\wordpress\wp-config.php(89): require_once('C:\\xampp\\htdocs...')
#4 C:\xampp\htdocs\wordpress\wp-load.php(37): require_once('C:\\xampp\\htdocs...')
#5 C:\xampp\htdocs\wordpress\wp-blog-header.php(13): require_once('C:\\xampp\\htdocs...')
#6 C:\xampp\htdocs\wordpress\index.php(17): require('C:\\xampp\\htdocs...')
#7 {main}
  thrown

2018-04-06T10:24:05+00:00 CRITICAL Uncaught Error: Using $this when not in object context in C:\xampp\htdocs\wordpress\wp-content\themes\shop-isle\inc\woocommerce\functions.php:709
Stack trace:
#0 C:\xampp\htdocs\wordpress\wp-content\themes\shop-isle\inc\init.php(86): require()
#1 C:\xampp\htdocs\wordpress\wp-content\themes\shop-isle\functions.php(12): require('C:\\xampp\\htdocs...')
#2 C:\xampp\htdocs\wordpress\wp-settings.php(426): include('C:\\xampp\\htdocs...')
#3 C:\xampp\htdocs\wordpress\wp-config.php(89): require_once('C:\\xampp\\htdocs...')
#4 C:\xampp\htdocs\wordpress\wp-load.php(37): require_once('C:\\xampp\\htdocs...')
#5 C:\xampp\htdocs\wordpress\wp-blog-header.php(13): require_once('C:\\xampp\\htdocs...')
#6 C:\xampp\htdocs\wordpress\index.php(17): require('C:\\xampp\\htdocs...')
#7 {main}
  thrown

2018-04-06T10:24:12+00:00 CRITICAL Uncaught Error: Using $this when not in object context in C:\xampp\htdocs\wordpress\wp-content\themes\shop-isle\inc\woocommerce\functions.php:709
Stack trace:
#0 C:\xampp\htdocs\wordpress\wp-content\themes\shop-isle\inc\init.php(86): require()
#1 C:\xampp\htdocs\wordpress\wp-content\themes\shop-isle\functions.php(12): require('C:\\xampp\\htdocs...')
#2 C:\xampp\htdocs\wordpress\wp-settings.php(426): include('C:\\xampp\\htdocs...')
#3 C:\xampp\htdocs\wordpress\wp-config.php(89): require_once('C:\\xampp\\htdocs...')
#4 C:\xampp\htdocs\wordpress\wp-load.php(37): require_once('C:\\xampp\\htdocs...')
#5 C:\xampp\htdocs\wordpress\wp-blog-header.php(13): require_once('C:\\xampp\\htdocs...')
#6 C:\xampp\htdocs\wordpress\index.php(17): require('C:\\xampp\\htdocs...')
#7 {main}
  thrown

2018-04-06T10:24:45+00:00 CRITICAL Uncaught Error: Using $this when not in object context in C:\xampp\htdocs\wordpress\wp-content\themes\shop-isle\inc\woocommerce\functions.php:709
Stack trace:
#0 C:\xampp\htdocs\wordpress\wp-content\themes\shop-isle\inc\init.php(86): require()
#1 C:\xampp\htdocs\wordpress\wp-content\themes\shop-isle\functions.php(12): require('C:\\xampp\\htdocs...')
#2 C:\xampp\htdocs\wordpress\wp-settings.php(426): include('C:\\xampp\\htdocs...')
#3 C:\xampp\htdocs\wordpress\wp-config.php(89): require_once('C:\\xampp\\htdocs...')
#4 C:\xampp\htdocs\wordpress\wp-load.php(37): require_once('C:\\xampp\\htdocs...')
#5 C:\xampp\htdocs\wordpress\wp-blog-header.php(13): require_once('C:\\xampp\\htdocs...')
#6 C:\xampp\htdocs\wordpress\index.php(17): require('C:\\xampp\\htdocs...')
#7 {main}
  thrown

2018-04-06T10:25:01+00:00 CRITICAL Uncaught Error: Using $this when not in object context in C:\xampp\htdocs\wordpress\wp-content\themes\shop-isle\inc\woocommerce\functions.php:709
Stack trace:
#0 C:\xampp\htdocs\wordpress\wp-content\themes\shop-isle\inc\init.php(86): require()
#1 C:\xampp\htdocs\wordpress\wp-content\themes\shop-isle\functions.php(12): require('C:\\xampp\\htdocs...')
#2 C:\xampp\htdocs\wordpress\wp-settings.php(426): include('C:\\xampp\\htdocs...')
#3 C:\xampp\htdocs\wordpress\wp-config.php(89): require_once('C:\\xampp\\htdocs...')
#4 C:\xampp\htdocs\wordpress\wp-load.php(37): require_once('C:\\xampp\\htdocs...')
#5 C:\xampp\htdocs\wordpress\wp-blog-header.php(13): require_once('C:\\xampp\\htdocs...')
#6 C:\xampp\htdocs\wordpress\index.php(17): require('C:\\xampp\\htdocs...')
#7 {main}
  thrown

2018-04-06T10:25:20+00:00 CRITICAL Uncaught Error: Using $this when not in object context in C:\xampp\htdocs\wordpress\wp-content\themes\shop-isle\inc\woocommerce\functions.php:709
Stack trace:
#0 C:\xampp\htdocs\wordpress\wp-content\themes\shop-isle\inc\init.php(86): require()
#1 C:\xampp\htdocs\wordpress\wp-content\themes\shop-isle\functions.php(12): require('C:\\xampp\\htdocs...')
#2 C:\xampp\htdocs\wordpress\wp-settings.php(426): include('C:\\xampp\\htdocs...')
#3 C:\xampp\htdocs\wordpress\wp-config.php(89): require_once('C:\\xampp\\htdocs...')
#4 C:\xampp\htdocs\wordpress\wp-load.php(37): require_once('C:\\xampp\\htdocs...')
#5 C:\xampp\htdocs\wordpress\wp-blog-header.php(13): require_once('C:\\xampp\\htdocs...')
#6 C:\xampp\htdocs\wordpress\index.php(17): require('C:\\xampp\\htdocs...')
#7 {main}
  thrown

2018-04-06T10:30:11+00:00 CRITICAL Uncaught Error: Using $this when not in object context in C:\xampp\htdocs\wordpress\wp-content\themes\shop-isle\inc\woocommerce\functions.php:709
Stack trace:
#0 C:\xampp\htdocs\wordpress\wp-content\themes\shop-isle\inc\init.php(86): require()
#1 C:\xampp\htdocs\wordpress\wp-content\themes\shop-isle\functions.php(12): require('C:\\xampp\\htdocs...')
#2 C:\xampp\htdocs\wordpress\wp-settings.php(426): include('C:\\xampp\\htdocs...')
#3 C:\xampp\htdocs\wordpress\wp-config.php(89): require_once('C:\\xampp\\htdocs...')
#4 C:\xampp\htdocs\wordpress\wp-load.php(37): require_once('C:\\xampp\\htdocs...')
#5 C:\xampp\htdocs\wordpress\wp-admin\admin-ajax.php(22): require_once('C:\\xampp\\htdocs...')
#6 {main}
  thrown

2018-04-06T10:30:13+00:00 CRITICAL Uncaught Error: Using $this when not in object context in C:\xampp\htdocs\wordpress\wp-content\themes\shop-isle\inc\woocommerce\functions.php:709
Stack trace:
#0 C:\xampp\htdocs\wordpress\wp-content\themes\shop-isle\inc\init.php(86): require()
#1 C:\xampp\htdocs\wordpress\wp-content\themes\shop-isle\functions.php(12): require('C:\\xampp\\htdocs...')
#2 C:\xampp\htdocs\wordpress\wp-settings.php(426): include('C:\\xampp\\htdocs...')
#3 C:\xampp\htdocs\wordpress\wp-config.php(89): require_once('C:\\xampp\\htdocs...')
#4 C:\xampp\htdocs\wordpress\wp-load.php(37): require_once('C:\\xampp\\htdocs...')
#5 C:\xampp\htdocs\wordpress\wp-blog-header.php(13): require_once('C:\\xampp\\htdocs...')
#6 C:\xampp\htdocs\wordpress\index.php(17): require('C:\\xampp\\htdocs...')
#7 {main}
  thrown

2018-04-06T10:30:31+00:00 CRITICAL Uncaught Exception: DateTime::__construct(): Failed to parse time string (septiembre 1, 1988) at position 0 (s): The timezone could not be found in the database in C:\xampp\htdocs\wordpress\wp-content\themes\supermax\session-manager.php:23
Stack trace:
#0 C:\xampp\htdocs\wordpress\wp-content\themes\supermax\session-manager.php(23): DateTime->__construct('septiembre 1, 1...')
#1 C:\xampp\htdocs\wordpress\wp-includes\class-wp-hook.php(286): add_loginout_link('<li id="menu-it...', Object(stdClass))
#2 C:\xampp\htdocs\wordpress\wp-includes\plugin.php(203): WP_Hook->apply_filters('<li id="menu-it...', Array)
#3 C:\xampp\htdocs\wordpress\wp-includes\nav-menu-template.php(220): apply_filters('wp_nav_menu_ite...', '<li id="menu-it...', Object(stdClass))
#4 C:\xampp\htdocs\wordpress\wp-content\themes\shop-isle\inc\structure\header.php(110): wp_nav_menu(Object(stdClass))
#5 C:\xampp\htdocs\wordpress\wp-includes\class-wp-hook.php(286): shop_isle_primary_navigation('')
#6 C:\xampp\htdocs\wordpress\wp-includes\class-wp-ho

2018-04-06T10:38:09+00:00 CRITICAL Uncaught Exception: DateTime::__construct(): Failed to parse time string (septiembre 1, 1988) at position 0 (s): The timezone could not be found in the database in C:\xampp\htdocs\wordpress\wp-content\themes\supermax\session-manager.php:25
Stack trace:
#0 C:\xampp\htdocs\wordpress\wp-content\themes\supermax\session-manager.php(25): DateTime->__construct('septiembre 1, 1...')
#1 C:\xampp\htdocs\wordpress\wp-includes\class-wp-hook.php(286): add_loginout_link('<li id="menu-it...', Object(stdClass))
#2 C:\xampp\htdocs\wordpress\wp-includes\plugin.php(203): WP_Hook->apply_filters('<li id="menu-it...', Array)
#3 C:\xampp\htdocs\wordpress\wp-includes\nav-menu-template.php(220): apply_filters('wp_nav_menu_ite...', '<li id="menu-it...', Object(stdClass))
#4 C:\xampp\htdocs\wordpress\wp-content\themes\shop-isle\inc\structure\header.php(110): wp_nav_menu(Object(stdClass))
#5 C:\xampp\htdocs\wordpress\wp-includes\class-wp-hook.php(286): shop_isle_primary_navigation('')
#6 C:\xampp\htdocs\wordpress\wp-includes\class-wp-ho

2018-04-06T11:04:30+00:00 CRITICAL Uncaught Error: Call to undefined method DateTime::date_diff() in C:\xampp\htdocs\wordpress\wp-content\themes\supermax\session-manager.php:25
Stack trace:
#0 C:\xampp\htdocs\wordpress\wp-includes\class-wp-hook.php(286): add_loginout_link('<li id="menu-it...', Object(stdClass))
#1 C:\xampp\htdocs\wordpress\wp-includes\plugin.php(203): WP_Hook->apply_filters('<li id="menu-it...', Array)
#2 C:\xampp\htdocs\wordpress\wp-includes\nav-menu-template.php(220): apply_filters('wp_nav_menu_ite...', '<li id="menu-it...', Object(stdClass))
#3 C:\xampp\htdocs\wordpress\wp-content\themes\shop-isle\inc\structure\header.php(110): wp_nav_menu(Object(stdClass))
#4 C:\xampp\htdocs\wordpress\wp-includes\class-wp-hook.php(286): shop_isle_primary_navigation('')
#5 C:\xampp\htdocs\wordpress\wp-includes\class-wp-hook.php(310): WP_Hook->apply_filters(NULL, Array)
#6 C:\xampp\htdocs\wordpress\wp-includes\plugin.php(453): WP_Hook->do_action(Array)
#7 C:\xampp\htdocs\wordpress\wp-content\themes\shop-isle\header.php(49): do_action('shop_i

2018-04-06T11:08:10+00:00 CRITICAL Uncaught TypeError: DateTime::__construct() expects parameter 1 to be string, object given in C:\xampp\htdocs\wordpress\wp-content\themes\supermax\session-manager.php:25
Stack trace:
#0 C:\xampp\htdocs\wordpress\wp-content\themes\supermax\session-manager.php(25): DateTime->__construct(Object(DateInterval))
#1 C:\xampp\htdocs\wordpress\wp-includes\class-wp-hook.php(286): add_loginout_link('<li id="menu-it...', Object(stdClass))
#2 C:\xampp\htdocs\wordpress\wp-includes\plugin.php(203): WP_Hook->apply_filters('<li id="menu-it...', Array)
#3 C:\xampp\htdocs\wordpress\wp-includes\nav-menu-template.php(220): apply_filters('wp_nav_menu_ite...', '<li id="menu-it...', Object(stdClass))
#4 C:\xampp\htdocs\wordpress\wp-content\themes\shop-isle\inc\structure\header.php(110): wp_nav_menu(Object(stdClass))
#5 C:\xampp\htdocs\wordpress\wp-includes\class-wp-hook.php(286): shop_isle_primary_navigation('')
#6 C:\xampp\htdocs\wordpress\wp-includes\class-wp-hook.php(310): WP_Hook->apply_filters(NULL, Array)
#7 C:\xampp\htdocs\wo

2018-04-06T11:12:58+00:00 CRITICAL Uncaught Error: Cannot use object of type DateTime as array in C:\xampp\htdocs\wordpress\wp-content\themes\supermax\session-manager.php:25
Stack trace:
#0 C:\xampp\htdocs\wordpress\wp-includes\class-wp-hook.php(286): add_loginout_link('<li id="menu-it...', Object(stdClass))
#1 C:\xampp\htdocs\wordpress\wp-includes\plugin.php(203): WP_Hook->apply_filters('<li id="menu-it...', Array)
#2 C:\xampp\htdocs\wordpress\wp-includes\nav-menu-template.php(220): apply_filters('wp_nav_menu_ite...', '<li id="menu-it...', Object(stdClass))
#3 C:\xampp\htdocs\wordpress\wp-content\themes\shop-isle\inc\structure\header.php(110): wp_nav_menu(Object(stdClass))
#4 C:\xampp\htdocs\wordpress\wp-includes\class-wp-hook.php(286): shop_isle_primary_navigation('')
#5 C:\xampp\htdocs\wordpress\wp-includes\class-wp-hook.php(310): WP_Hook->apply_filters(NULL, Array)
#6 C:\xampp\htdocs\wordpress\wp-includes\plugin.php(453): WP_Hook->do_action(Array)
#7 C:\xampp\htdocs\wordpress\wp-content\themes\shop-isle\header.php(49): do_action('shop_isle

2018-04-06T11:18:39+00:00 CRITICAL Uncaught Error: Call to a member function format() on string in C:\xampp\htdocs\wordpress\wp-content\themes\supermax\session-manager.php:23
Stack trace:
#0 C:\xampp\htdocs\wordpress\wp-includes\class-wp-hook.php(286): add_loginout_link('<li id="menu-it...', Object(stdClass))
#1 C:\xampp\htdocs\wordpress\wp-includes\plugin.php(203): WP_Hook->apply_filters('<li id="menu-it...', Array)
#2 C:\xampp\htdocs\wordpress\wp-includes\nav-menu-template.php(220): apply_filters('wp_nav_menu_ite...', '<li id="menu-it...', Object(stdClass))
#3 C:\xampp\htdocs\wordpress\wp-content\themes\shop-isle\inc\structure\header.php(110): wp_nav_menu(Object(stdClass))
#4 C:\xampp\htdocs\wordpress\wp-includes\class-wp-hook.php(286): shop_isle_primary_navigation('')
#5 C:\xampp\htdocs\wordpress\wp-includes\class-wp-hook.php(310): WP_Hook->apply_filters(NULL, Array)
#6 C:\xampp\htdocs\wordpress\wp-includes\plugin.php(453): WP_Hook->do_action(Array)
#7 C:\xampp\htdocs\wordpress\wp-content\themes\shop-isle\header.php(49): do_action('shop_isl

2018-04-06T11:21:09+00:00 CRITICAL Uncaught Error: Cannot use object of type DateTime as array in C:\xampp\htdocs\wordpress\wp-content\themes\supermax\session-manager.php:24
Stack trace:
#0 C:\xampp\htdocs\wordpress\wp-includes\class-wp-hook.php(286): add_loginout_link('<li id="menu-it...', Object(stdClass))
#1 C:\xampp\htdocs\wordpress\wp-includes\plugin.php(203): WP_Hook->apply_filters('<li id="menu-it...', Array)
#2 C:\xampp\htdocs\wordpress\wp-includes\nav-menu-template.php(220): apply_filters('wp_nav_menu_ite...', '<li id="menu-it...', Object(stdClass))
#3 C:\xampp\htdocs\wordpress\wp-content\themes\shop-isle\inc\structure\header.php(110): wp_nav_menu(Object(stdClass))
#4 C:\xampp\htdocs\wordpress\wp-includes\class-wp-hook.php(286): shop_isle_primary_navigation('')
#5 C:\xampp\htdocs\wordpress\wp-includes\class-wp-hook.php(310): WP_Hook->apply_filters(NULL, Array)
#6 C:\xampp\htdocs\wordpress\wp-includes\plugin.php(453): WP_Hook->do_action(Array)
#7 C:\xampp\htdocs\wordpress\wp-content\themes\shop-isle\header.php(49): do_action('shop_isle

2018-04-06T17:36:54+00:00 CRITICAL Maximum execution time of 120 seconds exceeded

2018-04-06T18:35:10+00:00 CRITICAL Uncaught Error: Call to undefined function descripcion_corta() in C:\xampp\htdocs\wordpress\wp-content\themes\supermax\inc\sections\shop_isle_big_title_section.php:79
Stack trace:
#0 C:\xampp\htdocs\wordpress\wp-includes\template.php(688): require_once()
#1 C:\xampp\htdocs\wordpress\wp-content\themes\supermax\front-page.php(13): load_template('C:\\xampp\\htdocs...')
#2 C:\xampp\htdocs\wordpress\wp-includes\template-loader.php(74): include('C:\\xampp\\htdocs...')
#3 C:\xampp\htdocs\wordpress\wp-blog-header.php(19): require_once('C:\\xampp\\htdocs...')
#4 C:\xampp\htdocs\wordpress\index.php(17): require('C:\\xampp\\htdocs...')
#5 {main}
  thrown

2018-04-06T18:37:34+00:00 CRITICAL Uncaught Error: Call to undefined function descripcion_corta() in C:\xampp\htdocs\wordpress\wp-content\themes\supermax\inc\sections\shop_isle_big_title_section.php:79
Stack trace:
#0 C:\xampp\htdocs\wordpress\wp-includes\template.php(688): require_once()
#1 C:\xampp\htdocs\wordpress\wp-content\themes\supermax\front-page.php(13): load_template('C:\\xampp\\htdocs...')
#2 C:\xampp\htdocs\wordpress\wp-includes\template-loader.php(74): include('C:\\xampp\\htdocs...')
#3 C:\xampp\htdocs\wordpress\wp-blog-header.php(19): require_once('C:\\xampp\\htdocs...')
#4 C:\xampp\htdocs\wordpress\index.php(17): require('C:\\xampp\\htdocs...')
#5 {main}
  thrown

2018-04-06T18:43:45+00:00 CRITICAL Uncaught Error: Call to undefined function descripcion_corta() in C:\xampp\htdocs\wordpress\wp-content\themes\supermax\inc\sections\shop_isle_big_title_section.php:79
Stack trace:
#0 C:\xampp\htdocs\wordpress\wp-includes\template.php(688): require_once()
#1 C:\xampp\htdocs\wordpress\wp-content\themes\supermax\front-page.php(13): load_template('C:\\xampp\\htdocs...')
#2 C:\xampp\htdocs\wordpress\wp-includes\template-loader.php(74): include('C:\\xampp\\htdocs...')
#3 C:\xampp\htdocs\wordpress\wp-blog-header.php(19): require_once('C:\\xampp\\htdocs...')
#4 C:\xampp\htdocs\wordpress\index.php(17): require('C:\\xampp\\htdocs...')
#5 {main}
  thrown

2018-04-06T18:43:53+00:00 CRITICAL Uncaught Error: Call to undefined function descripcion_corta() in C:\xampp\htdocs\wordpress\wp-content\themes\supermax\inc\sections\shop_isle_big_title_section.php:79
Stack trace:
#0 C:\xampp\htdocs\wordpress\wp-includes\template.php(688): require_once()
#1 C:\xampp\htdocs\wordpress\wp-content\themes\supermax\front-page.php(13): load_template('C:\\xampp\\htdocs...')
#2 C:\xampp\htdocs\wordpress\wp-includes\template-loader.php(74): include('C:\\xampp\\htdocs...')
#3 C:\xampp\htdocs\wordpress\wp-blog-header.php(19): require_once('C:\\xampp\\htdocs...')
#4 C:\xampp\htdocs\wordpress\index.php(17): require('C:\\xampp\\htdocs...')
#5 {main}
  thrown

2018-04-07T12:38:46+00:00 CRITICAL Uncaught Error: Call to a member function authenticate() on null in C:\xampp\htdocs\wordpress\wp-content\plugins\yith-woocommerce-social-login\includes\class-yith-social-login.php:163
Stack trace:
#0 C:\xampp\htdocs\wordpress\wp-includes\class-wp-hook.php(286): YITH_WC_Social_Login->get_login_request('')
#1 C:\xampp\htdocs\wordpress\wp-includes\class-wp-hook.php(310): WP_Hook->apply_filters(NULL, Array)
#2 C:\xampp\htdocs\wordpress\wp-includes\plugin.php(453): WP_Hook->do_action(Array)
#3 C:\xampp\htdocs\wordpress\wp-settings.php(450): do_action('init')
#4 C:\xampp\htdocs\wordpress\wp-config.php(89): require_once('C:\\xampp\\htdocs...')
#5 C:\xampp\htdocs\wordpress\wp-load.php(37): require_once('C:\\xampp\\htdocs...')
#6 C:\xampp\htdocs\wordpress\wp-login.php(12): require('C:\\xampp\\htdocs...')
#7 {main}
  thrown

2018-04-07T13:05:14+00:00 CRITICAL Uncaught Error: Call to a member function authenticate() on null in C:\xampp\htdocs\wordpress\wp-content\plugins\yith-woocommerce-social-login\includes\class-yith-social-login.php:163
Stack trace:
#0 C:\xampp\htdocs\wordpress\wp-includes\class-wp-hook.php(286): YITH_WC_Social_Login->get_login_request('')
#1 C:\xampp\htdocs\wordpress\wp-includes\class-wp-hook.php(310): WP_Hook->apply_filters(NULL, Array)
#2 C:\xampp\htdocs\wordpress\wp-includes\plugin.php(453): WP_Hook->do_action(Array)
#3 C:\xampp\htdocs\wordpress\wp-settings.php(450): do_action('init')
#4 C:\xampp\htdocs\wordpress\wp-config.php(89): require_once('C:\\xampp\\htdocs...')
#5 C:\xampp\htdocs\wordpress\wp-load.php(37): require_once('C:\\xampp\\htdocs...')
#6 C:\xampp\htdocs\wordpress\wp-login.php(12): require('C:\\xampp\\htdocs...')
#7 {main}
  thrown

2018-04-07T13:53:05+00:00 CRITICAL Uncaught Error: Call to a member function authenticate() on null in C:\xampp\htdocs\wordpress\wp-content\plugins\yith-woocommerce-social-login\includes\class-yith-social-login.php:163
Stack trace:
#0 C:\xampp\htdocs\wordpress\wp-includes\class-wp-hook.php(286): YITH_WC_Social_Login->get_login_request('')
#1 C:\xampp\htdocs\wordpress\wp-includes\class-wp-hook.php(310): WP_Hook->apply_filters(NULL, Array)
#2 C:\xampp\htdocs\wordpress\wp-includes\plugin.php(453): WP_Hook->do_action(Array)
#3 C:\xampp\htdocs\wordpress\wp-settings.php(450): do_action('init')
#4 C:\xampp\htdocs\wordpress\wp-config.php(89): require_once('C:\\xampp\\htdocs...')
#5 C:\xampp\htdocs\wordpress\wp-load.php(37): require_once('C:\\xampp\\htdocs...')
#6 C:\xampp\htdocs\wordpress\wp-login.php(12): require('C:\\xampp\\htdocs...')
#7 {main}
  thrown

2018-04-07T14:59:04+00:00 CRITICAL Uncaught Error: Call to undefined method Hybrid_Error::getApiError() in C:\xampp\htdocs\wordpress\wp-content\plugins\wordpress-social-login\includes\services\wsl.authentication.php:1127
Stack trace:
#0 C:\xampp\htdocs\wordpress\wp-content\plugins\wordpress-social-login\includes\services\wsl.authentication.php(225): wsl_process_login_render_error_page(Object(Exception), Array, 'Twitter')
#1 C:\xampp\htdocs\wordpress\wp-content\plugins\wordpress-social-login\includes\services\wsl.authentication.php(131): wsl_process_login_begin()
#2 C:\xampp\htdocs\wordpress\wp-includes\class-wp-hook.php(286): wsl_process_login('')
#3 C:\xampp\htdocs\wordpress\wp-includes\class-wp-hook.php(310): WP_Hook->apply_filters(NULL, Array)
#4 C:\xampp\htdocs\wordpress\wp-includes\plugin.php(453): WP_Hook->do_action(Array)
#5 C:\xampp\htdocs\wordpress\wp-settings.php(450): do_action('init')
#6 C:\xampp\htdocs\wordpress\wp-config.php(89): require_once('C:\\xampp\\htdocs...')
#7 C:\xampp\htdocs\wordpress\wp-load.php(37): require_once('C:\\

2018-04-07T14:59:29+00:00 CRITICAL Uncaught Error: Call to undefined method Hybrid_Error::getApiError() in C:\xampp\htdocs\wordpress\wp-content\plugins\wordpress-social-login\includes\services\wsl.authentication.php:1127
Stack trace:
#0 C:\xampp\htdocs\wordpress\wp-content\plugins\wordpress-social-login\includes\services\wsl.authentication.php(225): wsl_process_login_render_error_page(Object(Exception), Array, 'Facebook')
#1 C:\xampp\htdocs\wordpress\wp-content\plugins\wordpress-social-login\includes\services\wsl.authentication.php(131): wsl_process_login_begin()
#2 C:\xampp\htdocs\wordpress\wp-includes\class-wp-hook.php(286): wsl_process_login('')
#3 C:\xampp\htdocs\wordpress\wp-includes\class-wp-hook.php(310): WP_Hook->apply_filters(NULL, Array)
#4 C:\xampp\htdocs\wordpress\wp-includes\plugin.php(453): WP_Hook->do_action(Array)
#5 C:\xampp\htdocs\wordpress\wp-settings.php(450): do_action('init')
#6 C:\xampp\htdocs\wordpress\wp-config.php(89): require_once('C:\\xampp\\htdocs...')
#7 C:\xampp\htdocs\wordpress\wp-load.php(37): require_once('C:\

2018-04-07T15:14:19+00:00 CRITICAL Uncaught Error: Call to a member function authenticate() on null in C:\xampp\htdocs\wordpress\wp-content\plugins\yith-woocommerce-social-login\includes\class-yith-social-login.php:163
Stack trace:
#0 C:\xampp\htdocs\wordpress\wp-includes\class-wp-hook.php(286): YITH_WC_Social_Login->get_login_request('')
#1 C:\xampp\htdocs\wordpress\wp-includes\class-wp-hook.php(310): WP_Hook->apply_filters(NULL, Array)
#2 C:\xampp\htdocs\wordpress\wp-includes\plugin.php(453): WP_Hook->do_action(Array)
#3 C:\xampp\htdocs\wordpress\wp-settings.php(450): do_action('init')
#4 C:\xampp\htdocs\wordpress\wp-config.php(89): require_once('C:\\xampp\\htdocs...')
#5 C:\xampp\htdocs\wordpress\wp-load.php(37): require_once('C:\\xampp\\htdocs...')
#6 C:\xampp\htdocs\wordpress\wp-login.php(12): require('C:\\xampp\\htdocs...')
#7 {main}
  thrown

2018-04-07T15:18:03+00:00 CRITICAL Uncaught Error: Call to a member function authenticate() on null in C:\xampp\htdocs\wordpress\wp-content\plugins\yith-woocommerce-social-login\includes\class-yith-social-login.php:163
Stack trace:
#0 C:\xampp\htdocs\wordpress\wp-includes\class-wp-hook.php(286): YITH_WC_Social_Login->get_login_request('')
#1 C:\xampp\htdocs\wordpress\wp-includes\class-wp-hook.php(310): WP_Hook->apply_filters(NULL, Array)
#2 C:\xampp\htdocs\wordpress\wp-includes\plugin.php(453): WP_Hook->do_action(Array)
#3 C:\xampp\htdocs\wordpress\wp-settings.php(450): do_action('init')
#4 C:\xampp\htdocs\wordpress\wp-config.php(89): require_once('C:\\xampp\\htdocs...')
#5 C:\xampp\htdocs\wordpress\wp-load.php(37): require_once('C:\\xampp\\htdocs...')
#6 C:\xampp\htdocs\wordpress\wp-login.php(12): require('C:\\xampp\\htdocs...')
#7 {main}
  thrown

2018-04-07T15:27:59+00:00 CRITICAL Uncaught Error: Call to a member function authenticate() on null in C:\xampp\htdocs\wordpress\wp-content\plugins\yith-woocommerce-social-login\includes\class-yith-social-login.php:163
Stack trace:
#0 C:\xampp\htdocs\wordpress\wp-includes\class-wp-hook.php(286): YITH_WC_Social_Login->get_login_request('')
#1 C:\xampp\htdocs\wordpress\wp-includes\class-wp-hook.php(310): WP_Hook->apply_filters(NULL, Array)
#2 C:\xampp\htdocs\wordpress\wp-includes\plugin.php(453): WP_Hook->do_action(Array)
#3 C:\xampp\htdocs\wordpress\wp-settings.php(450): do_action('init')
#4 C:\xampp\htdocs\wordpress\wp-config.php(89): require_once('C:\\xampp\\htdocs...')
#5 C:\xampp\htdocs\wordpress\wp-load.php(37): require_once('C:\\xampp\\htdocs...')
#6 C:\xampp\htdocs\wordpress\wp-login.php(12): require('C:\\xampp\\htdocs...')
#7 {main}
  thrown

2018-04-07T15:41:28+00:00 CRITICAL Uncaught Error: Call to a member function authenticate() on null in C:\xampp\htdocs\wordpress\wp-content\plugins\yith-woocommerce-social-login\includes\class-yith-social-login.php:163
Stack trace:
#0 C:\xampp\htdocs\wordpress\wp-includes\class-wp-hook.php(286): YITH_WC_Social_Login->get_login_request('')
#1 C:\xampp\htdocs\wordpress\wp-includes\class-wp-hook.php(310): WP_Hook->apply_filters(NULL, Array)
#2 C:\xampp\htdocs\wordpress\wp-includes\plugin.php(453): WP_Hook->do_action(Array)
#3 C:\xampp\htdocs\wordpress\wp-settings.php(450): do_action('init')
#4 C:\xampp\htdocs\wordpress\wp-config.php(89): require_once('C:\\xampp\\htdocs...')
#5 C:\xampp\htdocs\wordpress\wp-load.php(37): require_once('C:\\xampp\\htdocs...')
#6 C:\xampp\htdocs\wordpress\wp-login.php(12): require('C:\\xampp\\htdocs...')
#7 {main}
  thrown

2018-04-07T15:53:15+00:00 CRITICAL Uncaught Error: Call to a member function authenticate() on null in C:\xampp\htdocs\wordpress\wp-content\plugins\yith-woocommerce-social-login\includes\class-yith-social-login.php:163
Stack trace:
#0 C:\xampp\htdocs\wordpress\wp-includes\class-wp-hook.php(286): YITH_WC_Social_Login->get_login_request('')
#1 C:\xampp\htdocs\wordpress\wp-includes\class-wp-hook.php(310): WP_Hook->apply_filters(NULL, Array)
#2 C:\xampp\htdocs\wordpress\wp-includes\plugin.php(453): WP_Hook->do_action(Array)
#3 C:\xampp\htdocs\wordpress\wp-settings.php(450): do_action('init')
#4 C:\xampp\htdocs\wordpress\wp-config.php(89): require_once('C:\\xampp\\htdocs...')
#5 C:\xampp\htdocs\wordpress\wp-load.php(37): require_once('C:\\xampp\\htdocs...')
#6 C:\xampp\htdocs\wordpress\wp-login.php(12): require('C:\\xampp\\htdocs...')
#7 {main}
  thrown

2018-04-07T16:05:37+00:00 CRITICAL Uncaught Error: Call to a member function authenticate() on null in C:\xampp\htdocs\wordpress\wp-content\plugins\yith-woocommerce-social-login\includes\class-yith-social-login.php:163
Stack trace:
#0 C:\xampp\htdocs\wordpress\wp-includes\class-wp-hook.php(286): YITH_WC_Social_Login->get_login_request('')
#1 C:\xampp\htdocs\wordpress\wp-includes\class-wp-hook.php(310): WP_Hook->apply_filters(NULL, Array)
#2 C:\xampp\htdocs\wordpress\wp-includes\plugin.php(453): WP_Hook->do_action(Array)
#3 C:\xampp\htdocs\wordpress\wp-settings.php(450): do_action('init')
#4 C:\xampp\htdocs\wordpress\wp-config.php(89): require_once('C:\\xampp\\htdocs...')
#5 C:\xampp\htdocs\wordpress\wp-load.php(37): require_once('C:\\xampp\\htdocs...')
#6 C:\xampp\htdocs\wordpress\wp-login.php(12): require('C:\\xampp\\htdocs...')
#7 {main}
  thrown

2018-04-08T19:05:10+00:00 CRITICAL Maximum execution time of 120 seconds exceeded

2018-04-08T19:11:56+00:00 CRITICAL Uncaught Error: Call to a member function authenticate() on null in C:\xampp\htdocs\wordpress\wp-content\plugins\yith-woocommerce-social-login\includes\class-yith-social-login.php:163
Stack trace:
#0 C:\xampp\htdocs\wordpress\wp-includes\class-wp-hook.php(286): YITH_WC_Social_Login->get_login_request('')
#1 C:\xampp\htdocs\wordpress\wp-includes\class-wp-hook.php(310): WP_Hook->apply_filters(NULL, Array)
#2 C:\xampp\htdocs\wordpress\wp-includes\plugin.php(453): WP_Hook->do_action(Array)
#3 C:\xampp\htdocs\wordpress\wp-settings.php(450): do_action('init')
#4 C:\xampp\htdocs\wordpress\wp-config.php(89): require_once('C:\\xampp\\htdocs...')
#5 C:\xampp\htdocs\wordpress\wp-load.php(37): require_once('C:\\xampp\\htdocs...')
#6 C:\xampp\htdocs\wordpress\wp-login.php(12): require('C:\\xampp\\htdocs...')
#7 {main}
  thrown

2018-04-08T19:15:16+00:00 CRITICAL Uncaught Error: Call to a member function authenticate() on null in C:\xampp\htdocs\wordpress\wp-content\plugins\yith-woocommerce-social-login\includes\class-yith-social-login.php:163
Stack trace:
#0 C:\xampp\htdocs\wordpress\wp-includes\class-wp-hook.php(286): YITH_WC_Social_Login->get_login_request('')
#1 C:\xampp\htdocs\wordpress\wp-includes\class-wp-hook.php(310): WP_Hook->apply_filters(NULL, Array)
#2 C:\xampp\htdocs\wordpress\wp-includes\plugin.php(453): WP_Hook->do_action(Array)
#3 C:\xampp\htdocs\wordpress\wp-settings.php(450): do_action('init')
#4 C:\xampp\htdocs\wordpress\wp-config.php(89): require_once('C:\\xampp\\htdocs...')
#5 C:\xampp\htdocs\wordpress\wp-load.php(37): require_once('C:\\xampp\\htdocs...')
#6 C:\xampp\htdocs\wordpress\wp-login.php(12): require('C:\\xampp\\htdocs...')
#7 {main}
  thrown

2018-04-08T19:15:33+00:00 CRITICAL Uncaught Error: Call to a member function authenticate() on null in C:\xampp\htdocs\wordpress\wp-content\plugins\yith-woocommerce-social-login\includes\class-yith-social-login.php:163
Stack trace:
#0 C:\xampp\htdocs\wordpress\wp-includes\class-wp-hook.php(286): YITH_WC_Social_Login->get_login_request('')
#1 C:\xampp\htdocs\wordpress\wp-includes\class-wp-hook.php(310): WP_Hook->apply_filters(NULL, Array)
#2 C:\xampp\htdocs\wordpress\wp-includes\plugin.php(453): WP_Hook->do_action(Array)
#3 C:\xampp\htdocs\wordpress\wp-settings.php(450): do_action('init')
#4 C:\xampp\htdocs\wordpress\wp-config.php(89): require_once('C:\\xampp\\htdocs...')
#5 C:\xampp\htdocs\wordpress\wp-load.php(37): require_once('C:\\xampp\\htdocs...')
#6 C:\xampp\htdocs\wordpress\wp-login.php(12): require('C:\\xampp\\htdocs...')
#7 {main}
  thrown

2018-04-08T19:25:44+00:00 CRITICAL Uncaught Error: Call to a member function authenticate() on null in C:\xampp\htdocs\wordpress\wp-content\plugins\yith-woocommerce-social-login\includes\class-yith-social-login.php:163
Stack trace:
#0 C:\xampp\htdocs\wordpress\wp-includes\class-wp-hook.php(286): YITH_WC_Social_Login->get_login_request('')
#1 C:\xampp\htdocs\wordpress\wp-includes\class-wp-hook.php(310): WP_Hook->apply_filters(NULL, Array)
#2 C:\xampp\htdocs\wordpress\wp-includes\plugin.php(453): WP_Hook->do_action(Array)
#3 C:\xampp\htdocs\wordpress\wp-settings.php(450): do_action('init')
#4 C:\xampp\htdocs\wordpress\wp-config.php(89): require_once('C:\\xampp\\htdocs...')
#5 C:\xampp\htdocs\wordpress\wp-load.php(37): require_once('C:\\xampp\\htdocs...')
#6 C:\xampp\htdocs\wordpress\wp-login.php(12): require('C:\\xampp\\htdocs...')
#7 {main}
  thrown

2018-04-08T19:27:16+00:00 CRITICAL Uncaught Error: Call to a member function authenticate() on null in C:\xampp\htdocs\wordpress\wp-content\plugins\yith-woocommerce-social-login\includes\class-yith-social-login.php:163
Stack trace:
#0 C:\xampp\htdocs\wordpress\wp-includes\class-wp-hook.php(286): YITH_WC_Social_Login->get_login_request('')
#1 C:\xampp\htdocs\wordpress\wp-includes\class-wp-hook.php(310): WP_Hook->apply_filters(NULL, Array)
#2 C:\xampp\htdocs\wordpress\wp-includes\plugin.php(453): WP_Hook->do_action(Array)
#3 C:\xampp\htdocs\wordpress\wp-settings.php(450): do_action('init')
#4 C:\xampp\htdocs\wordpress\wp-config.php(89): require_once('C:\\xampp\\htdocs...')
#5 C:\xampp\htdocs\wordpress\wp-load.php(37): require_once('C:\\xampp\\htdocs...')
#6 C:\xampp\htdocs\wordpress\wp-login.php(12): require('C:\\xampp\\htdocs...')
#7 {main}
  thrown

2018-04-08T19:29:35+00:00 CRITICAL Uncaught Error: Call to a member function authenticate() on null in C:\xampp\htdocs\wordpress\wp-content\plugins\yith-woocommerce-social-login\includes\class-yith-social-login.php:163
Stack trace:
#0 C:\xampp\htdocs\wordpress\wp-includes\class-wp-hook.php(286): YITH_WC_Social_Login->get_login_request('')
#1 C:\xampp\htdocs\wordpress\wp-includes\class-wp-hook.php(310): WP_Hook->apply_filters(NULL, Array)
#2 C:\xampp\htdocs\wordpress\wp-includes\plugin.php(453): WP_Hook->do_action(Array)
#3 C:\xampp\htdocs\wordpress\wp-settings.php(450): do_action('init')
#4 C:\xampp\htdocs\wordpress\wp-config.php(89): require_once('C:\\xampp\\htdocs...')
#5 C:\xampp\htdocs\wordpress\wp-load.php(37): require_once('C:\\xampp\\htdocs...')
#6 C:\xampp\htdocs\wordpress\wp-login.php(12): require('C:\\xampp\\htdocs...')
#7 {main}
  thrown

2018-04-08T19:49:14+00:00 CRITICAL Uncaught Error: Call to a member function authenticate() on null in C:\xampp\htdocs\wordpress\wp-content\plugins\yith-woocommerce-social-login\includes\class-yith-social-login.php:163
Stack trace:
#0 C:\xampp\htdocs\wordpress\wp-includes\class-wp-hook.php(286): YITH_WC_Social_Login->get_login_request('')
#1 C:\xampp\htdocs\wordpress\wp-includes\class-wp-hook.php(310): WP_Hook->apply_filters(NULL, Array)
#2 C:\xampp\htdocs\wordpress\wp-includes\plugin.php(453): WP_Hook->do_action(Array)
#3 C:\xampp\htdocs\wordpress\wp-settings.php(450): do_action('init')
#4 C:\xampp\htdocs\wordpress\wp-config.php(89): require_once('C:\\xampp\\htdocs...')
#5 C:\xampp\htdocs\wordpress\wp-load.php(37): require_once('C:\\xampp\\htdocs...')
#6 C:\xampp\htdocs\wordpress\wp-login.php(12): require('C:\\xampp\\htdocs...')
#7 {main}
  thrown

2018-04-08T19:49:27+00:00 CRITICAL Uncaught Error: Call to a member function authenticate() on null in C:\xampp\htdocs\wordpress\wp-content\plugins\yith-woocommerce-social-login\includes\class-yith-social-login.php:163
Stack trace:
#0 C:\xampp\htdocs\wordpress\wp-includes\class-wp-hook.php(286): YITH_WC_Social_Login->get_login_request('')
#1 C:\xampp\htdocs\wordpress\wp-includes\class-wp-hook.php(310): WP_Hook->apply_filters(NULL, Array)
#2 C:\xampp\htdocs\wordpress\wp-includes\plugin.php(453): WP_Hook->do_action(Array)
#3 C:\xampp\htdocs\wordpress\wp-settings.php(450): do_action('init')
#4 C:\xampp\htdocs\wordpress\wp-config.php(89): require_once('C:\\xampp\\htdocs...')
#5 C:\xampp\htdocs\wordpress\wp-load.php(37): require_once('C:\\xampp\\htdocs...')
#6 C:\xampp\htdocs\wordpress\wp-login.php(12): require('C:\\xampp\\htdocs...')
#7 {main}
  thrown

2018-04-08T19:49:53+00:00 CRITICAL Uncaught Error: Call to a member function authenticate() on null in C:\xampp\htdocs\wordpress\wp-content\plugins\yith-woocommerce-social-login\includes\class-yith-social-login.php:163
Stack trace:
#0 C:\xampp\htdocs\wordpress\wp-includes\class-wp-hook.php(286): YITH_WC_Social_Login->get_login_request('')
#1 C:\xampp\htdocs\wordpress\wp-includes\class-wp-hook.php(310): WP_Hook->apply_filters(NULL, Array)
#2 C:\xampp\htdocs\wordpress\wp-includes\plugin.php(453): WP_Hook->do_action(Array)
#3 C:\xampp\htdocs\wordpress\wp-settings.php(450): do_action('init')
#4 C:\xampp\htdocs\wordpress\wp-config.php(89): require_once('C:\\xampp\\htdocs...')
#5 C:\xampp\htdocs\wordpress\wp-load.php(37): require_once('C:\\xampp\\htdocs...')
#6 C:\xampp\htdocs\wordpress\wp-login.php(12): require('C:\\xampp\\htdocs...')
#7 {main}
  thrown

2018-04-08T19:50:28+00:00 CRITICAL Uncaught Error: Call to a member function authenticate() on null in C:\xampp\htdocs\wordpress\wp-content\plugins\yith-woocommerce-social-login\includes\class-yith-social-login.php:163
Stack trace:
#0 C:\xampp\htdocs\wordpress\wp-includes\class-wp-hook.php(286): YITH_WC_Social_Login->get_login_request('')
#1 C:\xampp\htdocs\wordpress\wp-includes\class-wp-hook.php(310): WP_Hook->apply_filters(NULL, Array)
#2 C:\xampp\htdocs\wordpress\wp-includes\plugin.php(453): WP_Hook->do_action(Array)
#3 C:\xampp\htdocs\wordpress\wp-settings.php(450): do_action('init')
#4 C:\xampp\htdocs\wordpress\wp-config.php(89): require_once('C:\\xampp\\htdocs...')
#5 C:\xampp\htdocs\wordpress\wp-load.php(37): require_once('C:\\xampp\\htdocs...')
#6 C:\xampp\htdocs\wordpress\wp-login.php(12): require('C:\\xampp\\htdocs...')
#7 {main}
  thrown

2018-04-08T20:08:39+00:00 CRITICAL Uncaught Error: Call to a member function authenticate() on null in C:\xampp\htdocs\wordpress\wp-content\plugins\yith-woocommerce-social-login\includes\class-yith-social-login.php:163
Stack trace:
#0 C:\xampp\htdocs\wordpress\wp-includes\class-wp-hook.php(286): YITH_WC_Social_Login->get_login_request('')
#1 C:\xampp\htdocs\wordpress\wp-includes\class-wp-hook.php(310): WP_Hook->apply_filters(NULL, Array)
#2 C:\xampp\htdocs\wordpress\wp-includes\plugin.php(453): WP_Hook->do_action(Array)
#3 C:\xampp\htdocs\wordpress\wp-settings.php(450): do_action('init')
#4 C:\xampp\htdocs\wordpress\wp-config.php(89): require_once('C:\\xampp\\htdocs...')
#5 C:\xampp\htdocs\wordpress\wp-load.php(37): require_once('C:\\xampp\\htdocs...')
#6 C:\xampp\htdocs\wordpress\wp-login.php(12): require('C:\\xampp\\htdocs...')
#7 {main}
  thrown

2018-04-08T20:08:59+00:00 CRITICAL Uncaught Error: Call to a member function authenticate() on null in C:\xampp\htdocs\wordpress\wp-content\plugins\yith-woocommerce-social-login\includes\class-yith-social-login.php:163
Stack trace:
#0 C:\xampp\htdocs\wordpress\wp-includes\class-wp-hook.php(286): YITH_WC_Social_Login->get_login_request('')
#1 C:\xampp\htdocs\wordpress\wp-includes\class-wp-hook.php(310): WP_Hook->apply_filters(NULL, Array)
#2 C:\xampp\htdocs\wordpress\wp-includes\plugin.php(453): WP_Hook->do_action(Array)
#3 C:\xampp\htdocs\wordpress\wp-settings.php(450): do_action('init')
#4 C:\xampp\htdocs\wordpress\wp-config.php(89): require_once('C:\\xampp\\htdocs...')
#5 C:\xampp\htdocs\wordpress\wp-load.php(37): require_once('C:\\xampp\\htdocs...')
#6 C:\xampp\htdocs\wordpress\wp-login.php(12): require('C:\\xampp\\htdocs...')
#7 {main}
  thrown

2018-04-08T20:21:16+00:00 CRITICAL Uncaught Error: Call to a member function authenticate() on null in C:\xampp\htdocs\wordpress\wp-content\plugins\yith-woocommerce-social-login\includes\class-yith-social-login.php:163
Stack trace:
#0 C:\xampp\htdocs\wordpress\wp-includes\class-wp-hook.php(286): YITH_WC_Social_Login->get_login_request('')
#1 C:\xampp\htdocs\wordpress\wp-includes\class-wp-hook.php(310): WP_Hook->apply_filters(NULL, Array)
#2 C:\xampp\htdocs\wordpress\wp-includes\plugin.php(453): WP_Hook->do_action(Array)
#3 C:\xampp\htdocs\wordpress\wp-settings.php(450): do_action('init')
#4 C:\xampp\htdocs\wordpress\wp-config.php(89): require_once('C:\\xampp\\htdocs...')
#5 C:\xampp\htdocs\wordpress\wp-load.php(37): require_once('C:\\xampp\\htdocs...')
#6 C:\xampp\htdocs\wordpress\wp-login.php(12): require('C:\\xampp\\htdocs...')
#7 {main}
  thrown

2018-04-08T20:21:33+00:00 CRITICAL Uncaught Error: Call to a member function authenticate() on null in C:\xampp\htdocs\wordpress\wp-content\plugins\yith-woocommerce-social-login\includes\class-yith-social-login.php:163
Stack trace:
#0 C:\xampp\htdocs\wordpress\wp-includes\class-wp-hook.php(286): YITH_WC_Social_Login->get_login_request('')
#1 C:\xampp\htdocs\wordpress\wp-includes\class-wp-hook.php(310): WP_Hook->apply_filters(NULL, Array)
#2 C:\xampp\htdocs\wordpress\wp-includes\plugin.php(453): WP_Hook->do_action(Array)
#3 C:\xampp\htdocs\wordpress\wp-settings.php(450): do_action('init')
#4 C:\xampp\htdocs\wordpress\wp-config.php(89): require_once('C:\\xampp\\htdocs...')
#5 C:\xampp\htdocs\wordpress\wp-load.php(37): require_once('C:\\xampp\\htdocs...')
#6 C:\xampp\htdocs\wordpress\wp-login.php(12): require('C:\\xampp\\htdocs...')
#7 {main}
  thrown

2018-04-08T20:23:43+00:00 CRITICAL Uncaught Error: Call to a member function authenticate() on null in C:\xampp\htdocs\wordpress\wp-content\plugins\yith-woocommerce-social-login\includes\class-yith-social-login.php:163
Stack trace:
#0 C:\xampp\htdocs\wordpress\wp-includes\class-wp-hook.php(286): YITH_WC_Social_Login->get_login_request('')
#1 C:\xampp\htdocs\wordpress\wp-includes\class-wp-hook.php(310): WP_Hook->apply_filters(NULL, Array)
#2 C:\xampp\htdocs\wordpress\wp-includes\plugin.php(453): WP_Hook->do_action(Array)
#3 C:\xampp\htdocs\wordpress\wp-settings.php(450): do_action('init')
#4 C:\xampp\htdocs\wordpress\wp-config.php(89): require_once('C:\\xampp\\htdocs...')
#5 C:\xampp\htdocs\wordpress\wp-load.php(37): require_once('C:\\xampp\\htdocs...')
#6 C:\xampp\htdocs\wordpress\wp-login.php(12): require('C:\\xampp\\htdocs...')
#7 {main}
  thrown

2018-04-08T20:24:21+00:00 CRITICAL Uncaught Error: Call to a member function authenticate() on null in C:\xampp\htdocs\wordpress\wp-content\plugins\yith-woocommerce-social-login\includes\class-yith-social-login.php:163
Stack trace:
#0 C:\xampp\htdocs\wordpress\wp-includes\class-wp-hook.php(286): YITH_WC_Social_Login->get_login_request('')
#1 C:\xampp\htdocs\wordpress\wp-includes\class-wp-hook.php(310): WP_Hook->apply_filters(NULL, Array)
#2 C:\xampp\htdocs\wordpress\wp-includes\plugin.php(453): WP_Hook->do_action(Array)
#3 C:\xampp\htdocs\wordpress\wp-settings.php(450): do_action('init')
#4 C:\xampp\htdocs\wordpress\wp-config.php(89): require_once('C:\\xampp\\htdocs...')
#5 C:\xampp\htdocs\wordpress\wp-load.php(37): require_once('C:\\xampp\\htdocs...')
#6 C:\xampp\htdocs\wordpress\wp-login.php(12): require('C:\\xampp\\htdocs...')
#7 {main}
  thrown

2018-04-08T20:30:24+00:00 CRITICAL Uncaught Error: Call to a member function authenticate() on null in C:\xampp\htdocs\wordpress\wp-content\plugins\yith-woocommerce-social-login\includes\class-yith-social-login.php:163
Stack trace:
#0 C:\xampp\htdocs\wordpress\wp-includes\class-wp-hook.php(286): YITH_WC_Social_Login->get_login_request('')
#1 C:\xampp\htdocs\wordpress\wp-includes\class-wp-hook.php(310): WP_Hook->apply_filters(NULL, Array)
#2 C:\xampp\htdocs\wordpress\wp-includes\plugin.php(453): WP_Hook->do_action(Array)
#3 C:\xampp\htdocs\wordpress\wp-settings.php(450): do_action('init')
#4 C:\xampp\htdocs\wordpress\wp-config.php(89): require_once('C:\\xampp\\htdocs...')
#5 C:\xampp\htdocs\wordpress\wp-load.php(37): require_once('C:\\xampp\\htdocs...')
#6 C:\xampp\htdocs\wordpress\wp-login.php(12): require('C:\\xampp\\htdocs...')
#7 {main}
  thrown

2018-04-08T20:35:50+00:00 CRITICAL Uncaught Error: Call to a member function authenticate() on null in C:\xampp\htdocs\wordpress\wp-content\plugins\yith-woocommerce-social-login\includes\class-yith-social-login.php:163
Stack trace:
#0 C:\xampp\htdocs\wordpress\wp-includes\class-wp-hook.php(286): YITH_WC_Social_Login->get_login_request('')
#1 C:\xampp\htdocs\wordpress\wp-includes\class-wp-hook.php(310): WP_Hook->apply_filters(NULL, Array)
#2 C:\xampp\htdocs\wordpress\wp-includes\plugin.php(453): WP_Hook->do_action(Array)
#3 C:\xampp\htdocs\wordpress\wp-settings.php(450): do_action('init')
#4 C:\xampp\htdocs\wordpress\wp-config.php(89): require_once('C:\\xampp\\htdocs...')
#5 C:\xampp\htdocs\wordpress\wp-load.php(37): require_once('C:\\xampp\\htdocs...')
#6 C:\xampp\htdocs\wordpress\wp-login.php(12): require('C:\\xampp\\htdocs...')
#7 {main}
  thrown

2018-04-08T20:39:30+00:00 CRITICAL Uncaught Error: Call to a member function authenticate() on null in C:\xampp\htdocs\wordpress\wp-content\plugins\yith-woocommerce-social-login\includes\class-yith-social-login.php:163
Stack trace:
#0 C:\xampp\htdocs\wordpress\wp-includes\class-wp-hook.php(286): YITH_WC_Social_Login->get_login_request('')
#1 C:\xampp\htdocs\wordpress\wp-includes\class-wp-hook.php(310): WP_Hook->apply_filters(NULL, Array)
#2 C:\xampp\htdocs\wordpress\wp-includes\plugin.php(453): WP_Hook->do_action(Array)
#3 C:\xampp\htdocs\wordpress\wp-settings.php(450): do_action('init')
#4 C:\xampp\htdocs\wordpress\wp-config.php(89): require_once('C:\\xampp\\htdocs...')
#5 C:\xampp\htdocs\wordpress\wp-load.php(37): require_once('C:\\xampp\\htdocs...')
#6 C:\xampp\htdocs\wordpress\wp-login.php(12): require('C:\\xampp\\htdocs...')
#7 {main}
  thrown

2018-04-08T20:57:42+00:00 CRITICAL Uncaught Error: Call to a member function authenticate() on null in C:\xampp\htdocs\wordpress\wp-content\plugins\yith-woocommerce-social-login\includes\class-yith-social-login.php:163
Stack trace:
#0 C:\xampp\htdocs\wordpress\wp-includes\class-wp-hook.php(286): YITH_WC_Social_Login->get_login_request('')
#1 C:\xampp\htdocs\wordpress\wp-includes\class-wp-hook.php(310): WP_Hook->apply_filters(NULL, Array)
#2 C:\xampp\htdocs\wordpress\wp-includes\plugin.php(453): WP_Hook->do_action(Array)
#3 C:\xampp\htdocs\wordpress\wp-settings.php(450): do_action('init')
#4 C:\xampp\htdocs\wordpress\wp-config.php(89): require_once('C:\\xampp\\htdocs...')
#5 C:\xampp\htdocs\wordpress\wp-load.php(37): require_once('C:\\xampp\\htdocs...')
#6 C:\xampp\htdocs\wordpress\wp-login.php(12): require('C:\\xampp\\htdocs...')
#7 {main}
  thrown

2018-04-08T21:10:38+00:00 CRITICAL Uncaught Error: Call to a member function authenticate() on null in C:\xampp\htdocs\wordpress\wp-content\plugins\yith-woocommerce-social-login\includes\class-yith-social-login.php:163
Stack trace:
#0 C:\xampp\htdocs\wordpress\wp-includes\class-wp-hook.php(286): YITH_WC_Social_Login->get_login_request('')
#1 C:\xampp\htdocs\wordpress\wp-includes\class-wp-hook.php(310): WP_Hook->apply_filters(NULL, Array)
#2 C:\xampp\htdocs\wordpress\wp-includes\plugin.php(453): WP_Hook->do_action(Array)
#3 C:\xampp\htdocs\wordpress\wp-settings.php(450): do_action('init')
#4 C:\xampp\htdocs\wordpress\wp-config.php(89): require_once('C:\\xampp\\htdocs...')
#5 C:\xampp\htdocs\wordpress\wp-load.php(37): require_once('C:\\xampp\\htdocs...')
#6 C:\xampp\htdocs\wordpress\wp-login.php(12): require('C:\\xampp\\htdocs...')
#7 {main}
  thrown

2018-04-08T21:14:33+00:00 CRITICAL Uncaught Error: Call to a member function authenticate() on null in C:\xampp\htdocs\wordpress\wp-content\plugins\yith-woocommerce-social-login\includes\class-yith-social-login.php:163
Stack trace:
#0 C:\xampp\htdocs\wordpress\wp-includes\class-wp-hook.php(286): YITH_WC_Social_Login->get_login_request('')
#1 C:\xampp\htdocs\wordpress\wp-includes\class-wp-hook.php(310): WP_Hook->apply_filters(NULL, Array)
#2 C:\xampp\htdocs\wordpress\wp-includes\plugin.php(453): WP_Hook->do_action(Array)
#3 C:\xampp\htdocs\wordpress\wp-settings.php(450): do_action('init')
#4 C:\xampp\htdocs\wordpress\wp-config.php(89): require_once('C:\\xampp\\htdocs...')
#5 C:\xampp\htdocs\wordpress\wp-load.php(37): require_once('C:\\xampp\\htdocs...')
#6 C:\xampp\htdocs\wordpress\wp-login.php(12): require('C:\\xampp\\htdocs...')
#7 {main}
  thrown

2018-04-08T21:15:04+00:00 CRITICAL Uncaught Error: Call to a member function authenticate() on null in C:\xampp\htdocs\wordpress\wp-content\plugins\yith-woocommerce-social-login\includes\class-yith-social-login.php:163
Stack trace:
#0 C:\xampp\htdocs\wordpress\wp-includes\class-wp-hook.php(286): YITH_WC_Social_Login->get_login_request('')
#1 C:\xampp\htdocs\wordpress\wp-includes\class-wp-hook.php(310): WP_Hook->apply_filters(NULL, Array)
#2 C:\xampp\htdocs\wordpress\wp-includes\plugin.php(453): WP_Hook->do_action(Array)
#3 C:\xampp\htdocs\wordpress\wp-settings.php(450): do_action('init')
#4 C:\xampp\htdocs\wordpress\wp-config.php(89): require_once('C:\\xampp\\htdocs...')
#5 C:\xampp\htdocs\wordpress\wp-load.php(37): require_once('C:\\xampp\\htdocs...')
#6 C:\xampp\htdocs\wordpress\wp-login.php(12): require('C:\\xampp\\htdocs...')
#7 {main}
  thrown

2018-04-08T21:29:03+00:00 CRITICAL Uncaught Error: Call to a member function authenticate() on null in C:\xampp\htdocs\wordpress\wp-content\plugins\yith-woocommerce-social-login\includes\class-yith-social-login.php:163
Stack trace:
#0 C:\xampp\htdocs\wordpress\wp-includes\class-wp-hook.php(286): YITH_WC_Social_Login->get_login_request('')
#1 C:\xampp\htdocs\wordpress\wp-includes\class-wp-hook.php(310): WP_Hook->apply_filters(NULL, Array)
#2 C:\xampp\htdocs\wordpress\wp-includes\plugin.php(453): WP_Hook->do_action(Array)
#3 C:\xampp\htdocs\wordpress\wp-settings.php(450): do_action('init')
#4 C:\xampp\htdocs\wordpress\wp-config.php(89): require_once('C:\\xampp\\htdocs...')
#5 C:\xampp\htdocs\wordpress\wp-load.php(37): require_once('C:\\xampp\\htdocs...')
#6 C:\xampp\htdocs\wordpress\wp-login.php(12): require('C:\\xampp\\htdocs...')
#7 {main}
  thrown

2018-04-08T21:30:21+00:00 CRITICAL Uncaught Error: Call to a member function authenticate() on null in C:\xampp\htdocs\wordpress\wp-content\plugins\yith-woocommerce-social-login\includes\class-yith-social-login.php:163
Stack trace:
#0 C:\xampp\htdocs\wordpress\wp-includes\class-wp-hook.php(286): YITH_WC_Social_Login->get_login_request('')
#1 C:\xampp\htdocs\wordpress\wp-includes\class-wp-hook.php(310): WP_Hook->apply_filters(NULL, Array)
#2 C:\xampp\htdocs\wordpress\wp-includes\plugin.php(453): WP_Hook->do_action(Array)
#3 C:\xampp\htdocs\wordpress\wp-settings.php(450): do_action('init')
#4 C:\xampp\htdocs\wordpress\wp-config.php(89): require_once('C:\\xampp\\htdocs...')
#5 C:\xampp\htdocs\wordpress\wp-load.php(37): require_once('C:\\xampp\\htdocs...')
#6 C:\xampp\htdocs\wordpress\wp-login.php(12): require('C:\\xampp\\htdocs...')
#7 {main}
  thrown

2018-04-08T21:32:45+00:00 CRITICAL Uncaught Error: Call to a member function authenticate() on null in C:\xampp\htdocs\wordpress\wp-content\plugins\yith-woocommerce-social-login\includes\class-yith-social-login.php:163
Stack trace:
#0 C:\xampp\htdocs\wordpress\wp-includes\class-wp-hook.php(286): YITH_WC_Social_Login->get_login_request('')
#1 C:\xampp\htdocs\wordpress\wp-includes\class-wp-hook.php(310): WP_Hook->apply_filters(NULL, Array)
#2 C:\xampp\htdocs\wordpress\wp-includes\plugin.php(453): WP_Hook->do_action(Array)
#3 C:\xampp\htdocs\wordpress\wp-settings.php(450): do_action('init')
#4 C:\xampp\htdocs\wordpress\wp-config.php(89): require_once('C:\\xampp\\htdocs...')
#5 C:\xampp\htdocs\wordpress\wp-load.php(37): require_once('C:\\xampp\\htdocs...')
#6 C:\xampp\htdocs\wordpress\wp-login.php(12): require('C:\\xampp\\htdocs...')
#7 {main}
  thrown

2018-04-08T21:33:02+00:00 CRITICAL Uncaught Error: Call to a member function authenticate() on null in C:\xampp\htdocs\wordpress\wp-content\plugins\yith-woocommerce-social-login\includes\class-yith-social-login.php:163
Stack trace:
#0 C:\xampp\htdocs\wordpress\wp-includes\class-wp-hook.php(286): YITH_WC_Social_Login->get_login_request('')
#1 C:\xampp\htdocs\wordpress\wp-includes\class-wp-hook.php(310): WP_Hook->apply_filters(NULL, Array)
#2 C:\xampp\htdocs\wordpress\wp-includes\plugin.php(453): WP_Hook->do_action(Array)
#3 C:\xampp\htdocs\wordpress\wp-settings.php(450): do_action('init')
#4 C:\xampp\htdocs\wordpress\wp-config.php(89): require_once('C:\\xampp\\htdocs...')
#5 C:\xampp\htdocs\wordpress\wp-load.php(37): require_once('C:\\xampp\\htdocs...')
#6 C:\xampp\htdocs\wordpress\wp-login.php(12): require('C:\\xampp\\htdocs...')
#7 {main}
  thrown

2018-04-09T07:12:09+00:00 CRITICAL Allowed memory size of 134217728 bytes exhausted (tried to allocate 546506475 bytes)

2018-04-09T07:12:13+00:00 CRITICAL Allowed memory size of 134217728 bytes exhausted (tried to allocate 546506475 bytes)

2018-04-09T07:12:14+00:00 CRITICAL Allowed memory size of 134217728 bytes exhausted (tried to allocate 546506475 bytes)

2018-04-09T07:12:20+00:00 CRITICAL Allowed memory size of 134217728 bytes exhausted (tried to allocate 546506475 bytes)

2018-04-09T07:13:20+00:00 CRITICAL Allowed memory size of 134217728 bytes exhausted (tried to allocate 546506475 bytes)

2018-04-09T07:14:13+00:00 CRITICAL Allowed memory size of 134217728 bytes exhausted (tried to allocate 546506475 bytes)

2018-04-09T07:14:14+00:00 CRITICAL Allowed memory size of 134217728 bytes exhausted (tried to allocate 546506475 bytes)

2018-04-09T07:14:20+00:00 CRITICAL Allowed memory size of 134217728 bytes exhausted (tried to allocate 546506475 bytes)

2018-04-09T07:14:51+00:00 CRITICAL Allowed memory size of 268435456 bytes exhausted (tried to allocate 546506475 bytes)

2018-04-09T07:14:58+00:00 CRITICAL Allowed memory size of 268435456 bytes exhausted (tried to allocate 546506475 bytes)

2018-04-10T07:37:32+00:00 CRITICAL Maximum execution time of 120 seconds exceeded

2018-04-11T17:26:57+00:00 CRITICAL Maximum execution time of 120 seconds exceeded

2018-04-11T17:26:58+00:00 CRITICAL Maximum execution time of 120 seconds exceeded

2018-04-11T17:26:58+00:00 CRITICAL Maximum execution time of 120 seconds exceeded

2018-04-11T17:26:58+00:00 CRITICAL Maximum execution time of 120 seconds exceeded

2018-04-11T17:26:58+00:00 CRITICAL Maximum execution time of 120 seconds exceeded

2018-04-11T17:26:58+00:00 CRITICAL Maximum execution time of 120 seconds exceeded

2018-04-11T21:18:24+00:00 CRITICAL Maximum execution time of 120 seconds exceeded

2018-04-11T21:18:24+00:00 CRITICAL Maximum execution time of 120 seconds exceeded

2018-04-12T13:05:47+00:00 CRITICAL Uncaught Error: Cannot use object of type WP_Query as array in C:\xampp\htdocs\wordpress\wp-content\themes\supermax\inc\sections\shop_isle_big_title_section.php:64
Stack trace:
#0 C:\xampp\htdocs\wordpress\wp-includes\template.php(688): require_once()
#1 C:\xampp\htdocs\wordpress\wp-content\themes\supermax\front-page.php(13): load_template('C:\\xampp\\htdocs...')
#2 C:\xampp\htdocs\wordpress\wp-includes\template-loader.php(74): include('C:\\xampp\\htdocs...')
#3 C:\xampp\htdocs\wordpress\wp-blog-header.php(19): require_once('C:\\xampp\\htdocs...')
#4 C:\xampp\htdocs\wordpress\index.php(17): require('C:\\xampp\\htdocs...')
#5 {main}
  thrown

2018-04-12T13:08:32+00:00 CRITICAL Uncaught Error: Cannot use object of type WP_Query as array in C:\xampp\htdocs\wordpress\wp-content\themes\supermax\inc\sections\shop_isle_big_title_section.php:64
Stack trace:
#0 C:\xampp\htdocs\wordpress\wp-includes\template.php(688): require_once()
#1 C:\xampp\htdocs\wordpress\wp-content\themes\supermax\front-page.php(13): load_template('C:\\xampp\\htdocs...')
#2 C:\xampp\htdocs\wordpress\wp-includes\template-loader.php(74): include('C:\\xampp\\htdocs...')
#3 C:\xampp\htdocs\wordpress\wp-blog-header.php(19): require_once('C:\\xampp\\htdocs...')
#4 C:\xampp\htdocs\wordpress\index.php(17): require('C:\\xampp\\htdocs...')
#5 {main}
  thrown

2018-04-13T06:59:58+00:00 CRITICAL Maximum execution time of 120 seconds exceeded

2018-04-13T07:00:13+00:00 CRITICAL Maximum execution time of 120 seconds exceeded

2018-04-13T12:38:24+00:00 CRITICAL Maximum execution time of 120 seconds exceeded

2018-04-13T12:38:24+00:00 CRITICAL Maximum execution time of 120 seconds exceeded

2018-04-13T12:38:24+00:00 CRITICAL Maximum execution time of 120 seconds exceeded

